<?xml version="1.0" encoding="UTF-8"?>
<testsuites name="DDT with Moodle" time="509.924" tests="4" failures="4" errors="0">
   <testsuite name="DDT with Moodle" tests="4" failures="4" errors="0" time="509.924" skipped="0" timestamp="22-02-2025T22:36:00" hostname="jesila - DESKTOP-OVP0SQ7" id="Test Suites/DDT with Moodle">
      <properties>
         <property name="deviceName" value=""/>
         <property name="devicePlatform"/>
         <property name="logFolder" value="C:\\Users\\jesila\\git\\LabManager\\Reports\\20250222_223553\\DDT with Moodle\\20250222_223553"/>
         <property name="logFiles" value="C:\\Users\\jesila\\git\\LabManager\\Reports\\20250222_223553\\DDT with Moodle\\20250222_223553\\execution0.log"/>
         <property name="attachments" value="C:\\Users\\jesila\\git\\LabManager\\Reports\\20250222_223553\\DDT with Moodle\\20250222_223553\\1740243979827.png, C:\\Users\\jesila\\git\\LabManager\\Reports\\20250222_223553\\DDT with Moodle\\20250222_223553\\1740243998046.png, C:\\Users\\jesila\\git\\LabManager\\Reports\\20250222_223553\\DDT with Moodle\\20250222_223553\\1740244016250.png, C:\\Users\\jesila\\git\\LabManager\\Reports\\20250222_223553\\DDT with Moodle\\20250222_223553\\1740244036254.png"/>
         <property name="hostName" value="jesila - DESKTOP-OVP0SQ7"/>
         <property name="os" value="Windows 10 64bit"/>
         <property name="katalonVersion" value="10.1.0.223"/>
         <property name="browser" value="Chrome 133.0.6943.127"/>
         <property name="hostAddress" value="192.168.29.58"/>
         <property name="sessionId" value="4bfb1ba781df9129bb6ceee9ceb52b6f"/>
         <property name="seleniumVersion" value="4.22.0"/>
         <property name="proxyInformation" value="ProxyInformation { proxyOption=NO_PROXY, proxyServerType=HTTP, username=, password=********, proxyServerAddress=, proxyServerPort=0, executionList=&quot;&quot;, isApplyToDesiredCapabilities=true }"/>
         <property name="platform" value="Windows 10"/>
      </properties>
      <testcase name="Test Cases/CheckpointswithDDT" time="19.26" classname="Test Cases/CheckpointswithDDT" status="FAILED">
         <properties>
            <property name="data_binding"><![CDATA[{"password":"sandbox24","expectedResult":"AUS","username":"admin"}]]></property>
         </properties>
         <failure type="FAILED" message="Test Cases/CheckpointswithDDT FAILED.&#xa;Reason:&#xa;com.kms.katalon.core.exception.StepFailedException: Unable to verify Checkpoint 'Checkpoints/CheckpointforMoodle' (Root cause: com.kms.katalon.core.exception.StepFailedException: Checkpoint data and Source data are NOT matched&#xa;	at com.kms.katalon.core.keyword.builtin.VerifyCheckpointKeyword$_verifyCheckpoint_closure1.doCall(VerifyCheckpointKeyword.groovy:123)&#xa;	at com.kms.katalon.core.keyword.builtin.VerifyCheckpointKeyword$_verifyCheckpoint_closure1.call(VerifyCheckpointKeyword.groovy)&#xa;	at com.kms.katalon.core.keyword.internal.KeywordMain.runKeyword(KeywordMain.groovy:75)&#xa;	at com.kms.katalon.core.keyword.builtin.VerifyCheckpointKeyword.verifyCheckpoint(VerifyCheckpointKeyword.groovy:125)&#xa;	at com.kms.katalon.core.keyword.builtin.VerifyCheckpointKeyword.execute(VerifyCheckpointKeyword.groovy:51)&#xa;	at com.kms.katalon.core.keyword.internal.KeywordExecutor.executeKeywordForPlatform(KeywordExecutor.groovy:74)&#xa;	at com.kms.katalon.core.keyword.BuiltinKeywords.verifyCheckpoint(BuiltinKeywords.groovy:380)&#xa;	at java.base/jdk.internal.reflect.NativeMethodAccessorImpl.invoke0(Native Method)&#xa;	at java.base/jdk.internal.reflect.NativeMethodAccessorImpl.invoke(NativeMethodAccessorImpl.java:77)&#xa;	at java.base/jdk.internal.reflect.DelegatingMethodAccessorImpl.invoke(DelegatingMethodAccessorImpl.java:43)&#xa;	at CheckpointswithDDT.run(CheckpointswithDDT:20)&#xa;	at com.kms.katalon.core.main.ScriptEngine.run(ScriptEngine.java:194)&#xa;	at com.kms.katalon.core.main.ScriptEngine.runScriptAsRawText(ScriptEngine.java:119)&#xa;	at com.kms.katalon.core.main.TestCaseExecutor.runScript(TestCaseExecutor.java:448)&#xa;	at com.kms.katalon.core.main.TestCaseExecutor.doExecute(TestCaseExecutor.java:439)&#xa;	at com.kms.katalon.core.main.TestCaseExecutor.processExecutionPhase(TestCaseExecutor.java:418)&#xa;	at com.kms.katalon.core.main.TestCaseExecutor.accessMainPhase(TestCaseExecutor.java:410)&#xa;	at com.kms.katalon.core.main.TestCaseExecutor.execute(TestCaseExecutor.java:285)&#xa;	at com.kms.katalon.core.main.TestCaseExecutor.execute(TestCaseExecutor.java:369)&#xa;	at com.kms.katalon.core.main.TestCaseExecutor.execute(TestCaseExecutor.java:369)&#xa;	at com.kms.katalon.core.main.TestCaseExecutor.execute(TestCaseExecutor.java:369)&#xa;	at com.kms.katalon.core.common.CommonExecutor.accessTestCaseMainPhase(CommonExecutor.java:71)&#xa;	at com.kms.katalon.core.main.TestSuiteExecutor.accessTestSuiteMainPhase(TestSuiteExecutor.java:160)&#xa;	at com.kms.katalon.core.main.TestSuiteExecutor.execute(TestSuiteExecutor.java:107)&#xa;	at com.kms.katalon.core.main.TestCaseMain.startTestSuite(TestCaseMain.java:180)&#xa;	at TempTestSuite1740243953121.run(TempTestSuite1740243953121.groovy:35)&#xa;	at java.base/jdk.internal.reflect.NativeMethodAccessorImpl.invoke0(Native Method)&#xa;	at java.base/jdk.internal.reflect.NativeMethodAccessorImpl.invoke(NativeMethodAccessorImpl.java:77)&#xa;	at java.base/jdk.internal.reflect.DelegatingMethodAccessorImpl.invoke(DelegatingMethodAccessorImpl.java:43)&#xa;)&#xa;	at com.kms.katalon.core.keyword.internal.KeywordMain.stepFailed(KeywordMain.groovy:39)&#xa;	at com.kms.katalon.core.keyword.internal.KeywordMain.stepFailed(KeywordMain.groovy)&#xa;	at com.kms.katalon.core.keyword.internal.KeywordMain.runKeyword(KeywordMain.groovy:77)&#xa;	at com.kms.katalon.core.keyword.builtin.VerifyCheckpointKeyword.verifyCheckpoint(VerifyCheckpointKeyword.groovy:125)&#xa;	at com.kms.katalon.core.keyword.builtin.VerifyCheckpointKeyword.execute(VerifyCheckpointKeyword.groovy:51)&#xa;	at com.kms.katalon.core.keyword.internal.KeywordExecutor.executeKeywordForPlatform(KeywordExecutor.groovy:74)&#xa;	at com.kms.katalon.core.keyword.BuiltinKeywords.verifyCheckpoint(BuiltinKeywords.groovy:380)&#xa;	at java.base/jdk.internal.reflect.NativeMethodAccessorImpl.invoke0(Native Method)&#xa;	at java.base/jdk.internal.reflect.NativeMethodAccessorImpl.invoke(NativeMethodAccessorImpl.java:77)&#xa;	at java.base/jdk.internal.reflect.DelegatingMethodAccessorImpl.invoke(DelegatingMethodAccessorImpl.java:43)&#xa;	at CheckpointswithDDT.run(CheckpointswithDDT:20)&#xa;	at com.kms.katalon.core.main.ScriptEngine.run(ScriptEngine.java:194)&#xa;	at com.kms.katalon.core.main.ScriptEngine.runScriptAsRawText(ScriptEngine.java:119)&#xa;	at com.kms.katalon.core.main.TestCaseExecutor.runScript(TestCaseExecutor.java:448)&#xa;	at com.kms.katalon.core.main.TestCaseExecutor.doExecute(TestCaseExecutor.java:439)&#xa;	at com.kms.katalon.core.main.TestCaseExecutor.processExecutionPhase(TestCaseExecutor.java:418)&#xa;	at com.kms.katalon.core.main.TestCaseExecutor.accessMainPhase(TestCaseExecutor.java:410)&#xa;	at com.kms.katalon.core.main.TestCaseExecutor.execute(TestCaseExecutor.java:285)&#xa;	at com.kms.katalon.core.main.TestCaseExecutor.execute(TestCaseExecutor.java:369)&#xa;	at com.kms.katalon.core.main.TestCaseExecutor.execute(TestCaseExecutor.java:369)&#xa;	at com.kms.katalon.core.main.TestCaseExecutor.execute(TestCaseExecutor.java:369)&#xa;	at com.kms.katalon.core.common.CommonExecutor.accessTestCaseMainPhase(CommonExecutor.java:71)&#xa;	at com.kms.katalon.core.main.TestSuiteExecutor.accessTestSuiteMainPhase(TestSuiteExecutor.java:160)&#xa;	at com.kms.katalon.core.main.TestSuiteExecutor.execute(TestSuiteExecutor.java:107)&#xa;	at com.kms.katalon.core.main.TestCaseMain.startTestSuite(TestCaseMain.java:180)&#xa;	at TempTestSuite1740243953121.run(TempTestSuite1740243953121.groovy:35)&#xa;	at java.base/jdk.internal.reflect.NativeMethodAccessorImpl.invoke0(Native Method)&#xa;	at java.base/jdk.internal.reflect.NativeMethodAccessorImpl.invoke(NativeMethodAccessorImpl.java:77)&#xa;	at java.base/jdk.internal.reflect.DelegatingMethodAccessorImpl.invoke(DelegatingMethodAccessorImpl.java:43)&#xa;Caused by: com.kms.katalon.core.exception.StepFailedException: Checkpoint data and Source data are NOT matched&#xa;	at com.kms.katalon.core.keyword.builtin.VerifyCheckpointKeyword$_verifyCheckpoint_closure1.doCall(VerifyCheckpointKeyword.groovy:123)&#xa;	at com.kms.katalon.core.keyword.builtin.VerifyCheckpointKeyword$_verifyCheckpoint_closure1.call(VerifyCheckpointKeyword.groovy)&#xa;	at com.kms.katalon.core.keyword.internal.KeywordMain.runKeyword(KeywordMain.groovy:75)&#xa;	... 26 more&#xa;"/>
         <system-out><![CDATA[22-02-2025T22:36:59 - [TEST_CASE][FAILED] - Test Cases/CheckpointswithDDT: Test Cases/CheckpointswithDDT FAILED.
Reason:
com.kms.katalon.core.exception.StepFailedException: Unable to verify Checkpoint 'Checkpoints/CheckpointforMoodle' (Root cause: com.kms.katalon.core.exception.StepFailedException: Checkpoint data and Source data are NOT matched
	at com.kms.katalon.core.keyword.builtin.VerifyCheckpointKeyword$_verifyCheckpoint_closure1.doCall(VerifyCheckpointKeyword.groovy:123)
	at com.kms.katalon.core.keyword.builtin.VerifyCheckpointKeyword$_verifyCheckpoint_closure1.call(VerifyCheckpointKeyword.groovy)
	at com.kms.katalon.core.keyword.internal.KeywordMain.runKeyword(KeywordMain.groovy:75)
	at com.kms.katalon.core.keyword.builtin.VerifyCheckpointKeyword.verifyCheckpoint(VerifyCheckpointKeyword.groovy:125)
	at com.kms.katalon.core.keyword.builtin.VerifyCheckpointKeyword.execute(VerifyCheckpointKeyword.groovy:51)
	at com.kms.katalon.core.keyword.internal.KeywordExecutor.executeKeywordForPlatform(KeywordExecutor.groovy:74)
	at com.kms.katalon.core.keyword.BuiltinKeywords.verifyCheckpoint(BuiltinKeywords.groovy:380)
	at java.base/jdk.internal.reflect.NativeMethodAccessorImpl.invoke0(Native Method)
	at java.base/jdk.internal.reflect.NativeMethodAccessorImpl.invoke(NativeMethodAccessorImpl.java:77)
	at java.base/jdk.internal.reflect.DelegatingMethodAccessorImpl.invoke(DelegatingMethodAccessorImpl.java:43)
	at CheckpointswithDDT.run(CheckpointswithDDT:20)
	at com.kms.katalon.core.main.ScriptEngine.run(ScriptEngine.java:194)
	at com.kms.katalon.core.main.ScriptEngine.runScriptAsRawText(ScriptEngine.java:119)
	at com.kms.katalon.core.main.TestCaseExecutor.runScript(TestCaseExecutor.java:448)
	at com.kms.katalon.core.main.TestCaseExecutor.doExecute(TestCaseExecutor.java:439)
	at com.kms.katalon.core.main.TestCaseExecutor.processExecutionPhase(TestCaseExecutor.java:418)
	at com.kms.katalon.core.main.TestCaseExecutor.accessMainPhase(TestCaseExecutor.java:410)
	at com.kms.katalon.core.main.TestCaseExecutor.execute(TestCaseExecutor.java:285)
	at com.kms.katalon.core.main.TestCaseExecutor.execute(TestCaseExecutor.java:369)
	at com.kms.katalon.core.main.TestCaseExecutor.execute(TestCaseExecutor.java:369)
	at com.kms.katalon.core.main.TestCaseExecutor.execute(TestCaseExecutor.java:369)
	at com.kms.katalon.core.common.CommonExecutor.accessTestCaseMainPhase(CommonExecutor.java:71)
	at com.kms.katalon.core.main.TestSuiteExecutor.accessTestSuiteMainPhase(TestSuiteExecutor.java:160)
	at com.kms.katalon.core.main.TestSuiteExecutor.execute(TestSuiteExecutor.java:107)
	at com.kms.katalon.core.main.TestCaseMain.startTestSuite(TestCaseMain.java:180)
	at TempTestSuite1740243953121.run(TempTestSuite1740243953121.groovy:35)
	at java.base/jdk.internal.reflect.NativeMethodAccessorImpl.invoke0(Native Method)
	at java.base/jdk.internal.reflect.NativeMethodAccessorImpl.invoke(NativeMethodAccessorImpl.java:77)
	at java.base/jdk.internal.reflect.DelegatingMethodAccessorImpl.invoke(DelegatingMethodAccessorImpl.java:43)
)
	at com.kms.katalon.core.keyword.internal.KeywordMain.stepFailed(KeywordMain.groovy:39)
	at com.kms.katalon.core.keyword.internal.KeywordMain.stepFailed(KeywordMain.groovy)
	at com.kms.katalon.core.keyword.internal.KeywordMain.runKeyword(KeywordMain.groovy:77)
	at com.kms.katalon.core.keyword.builtin.VerifyCheckpointKeyword.verifyCheckpoint(VerifyCheckpointKeyword.groovy:125)
	at com.kms.katalon.core.keyword.builtin.VerifyCheckpointKeyword.execute(VerifyCheckpointKeyword.groovy:51)
	at com.kms.katalon.core.keyword.internal.KeywordExecutor.executeKeywordForPlatform(KeywordExecutor.groovy:74)
	at com.kms.katalon.core.keyword.BuiltinKeywords.verifyCheckpoint(BuiltinKeywords.groovy:380)
	at java.base/jdk.internal.reflect.NativeMethodAccessorImpl.invoke0(Native Method)
	at java.base/jdk.internal.reflect.NativeMethodAccessorImpl.invoke(NativeMethodAccessorImpl.java:77)
	at java.base/jdk.internal.reflect.DelegatingMethodAccessorImpl.invoke(DelegatingMethodAccessorImpl.java:43)
	at CheckpointswithDDT.run(CheckpointswithDDT:20)
	at com.kms.katalon.core.main.ScriptEngine.run(ScriptEngine.java:194)
	at com.kms.katalon.core.main.ScriptEngine.runScriptAsRawText(ScriptEngine.java:119)
	at com.kms.katalon.core.main.TestCaseExecutor.runScript(TestCaseExecutor.java:448)
	at com.kms.katalon.core.main.TestCaseExecutor.doExecute(TestCaseExecutor.java:439)
	at com.kms.katalon.core.main.TestCaseExecutor.processExecutionPhase(TestCaseExecutor.java:418)
	at com.kms.katalon.core.main.TestCaseExecutor.accessMainPhase(TestCaseExecutor.java:410)
	at com.kms.katalon.core.main.TestCaseExecutor.execute(TestCaseExecutor.java:285)
	at com.kms.katalon.core.main.TestCaseExecutor.execute(TestCaseExecutor.java:369)
	at com.kms.katalon.core.main.TestCaseExecutor.execute(TestCaseExecutor.java:369)
	at com.kms.katalon.core.main.TestCaseExecutor.execute(TestCaseExecutor.java:369)
	at com.kms.katalon.core.common.CommonExecutor.accessTestCaseMainPhase(CommonExecutor.java:71)
	at com.kms.katalon.core.main.TestSuiteExecutor.accessTestSuiteMainPhase(TestSuiteExecutor.java:160)
	at com.kms.katalon.core.main.TestSuiteExecutor.execute(TestSuiteExecutor.java:107)
	at com.kms.katalon.core.main.TestCaseMain.startTestSuite(TestCaseMain.java:180)
	at TempTestSuite1740243953121.run(TempTestSuite1740243953121.groovy:35)
	at java.base/jdk.internal.reflect.NativeMethodAccessorImpl.invoke0(Native Method)
	at java.base/jdk.internal.reflect.NativeMethodAccessorImpl.invoke(NativeMethodAccessorImpl.java:77)
	at java.base/jdk.internal.reflect.DelegatingMethodAccessorImpl.invoke(DelegatingMethodAccessorImpl.java:43)
Caused by: com.kms.katalon.core.exception.StepFailedException: Checkpoint data and Source data are NOT matched
	at com.kms.katalon.core.keyword.builtin.VerifyCheckpointKeyword$_verifyCheckpoint_closure1.doCall(VerifyCheckpointKeyword.groovy:123)
	at com.kms.katalon.core.keyword.builtin.VerifyCheckpointKeyword$_verifyCheckpoint_closure1.call(VerifyCheckpointKeyword.groovy)
	at com.kms.katalon.core.keyword.internal.KeywordMain.runKeyword(KeywordMain.groovy:75)
	... 26 more


22-02-2025T22:36:59 - [TEST_STEP][PASSED] - Start listener action : sampleBeforeTestCase: null

22-02-2025T22:36:59 - [TEST_STEP][PASSED] - println(testCaseContext.getTestCaseId()): null

22-02-2025T22:36:59 - [TEST_STEP][PASSED] - println(testCaseContext.getTestCaseVariables()): null

22-02-2025T22:36:59 - [TEST_STEP][FAILED] - verifyCheckpoint(findCheckpoint("Checkpoints/CheckpointforMoodle"), false): Unable to verify Checkpoint 'Checkpoints/CheckpointforMoodle' (Root cause: com.kms.katalon.core.exception.StepFailedException: Checkpoint data and Source data are NOT matched
	at com.kms.katalon.core.keyword.builtin.VerifyCheckpointKeyword$_verifyCheckpoint_closure1.doCall(VerifyCheckpointKeyword.groovy:123)
	at com.kms.katalon.core.keyword.builtin.VerifyCheckpointKeyword$_verifyCheckpoint_closure1.call(VerifyCheckpointKeyword.groovy)
	at com.kms.katalon.core.keyword.internal.KeywordMain.runKeyword(KeywordMain.groovy:75)
	at com.kms.katalon.core.keyword.builtin.VerifyCheckpointKeyword.verifyCheckpoint(VerifyCheckpointKeyword.groovy:125)
	at com.kms.katalon.core.keyword.builtin.VerifyCheckpointKeyword.execute(VerifyCheckpointKeyword.groovy:51)
	at com.kms.katalon.core.keyword.internal.KeywordExecutor.executeKeywordForPlatform(KeywordExecutor.groovy:74)
	at com.kms.katalon.core.keyword.BuiltinKeywords.verifyCheckpoint(BuiltinKeywords.groovy:380)
	at java.base/jdk.internal.reflect.NativeMethodAccessorImpl.invoke0(Native Method)
	at java.base/jdk.internal.reflect.NativeMethodAccessorImpl.invoke(NativeMethodAccessorImpl.java:77)
	at java.base/jdk.internal.reflect.DelegatingMethodAccessorImpl.invoke(DelegatingMethodAccessorImpl.java:43)
	at CheckpointswithDDT.run(CheckpointswithDDT:20)
	at com.kms.katalon.core.main.ScriptEngine.run(ScriptEngine.java:194)
	at com.kms.katalon.core.main.ScriptEngine.runScriptAsRawText(ScriptEngine.java:119)
	at com.kms.katalon.core.main.TestCaseExecutor.runScript(TestCaseExecutor.java:448)
	at com.kms.katalon.core.main.TestCaseExecutor.doExecute(TestCaseExecutor.java:439)
	at com.kms.katalon.core.main.TestCaseExecutor.processExecutionPhase(TestCaseExecutor.java:418)
	at com.kms.katalon.core.main.TestCaseExecutor.accessMainPhase(TestCaseExecutor.java:410)
	at com.kms.katalon.core.main.TestCaseExecutor.execute(TestCaseExecutor.java:285)
	at com.kms.katalon.core.main.TestCaseExecutor.execute(TestCaseExecutor.java:369)
	at com.kms.katalon.core.main.TestCaseExecutor.execute(TestCaseExecutor.java:369)
	at com.kms.katalon.core.main.TestCaseExecutor.execute(TestCaseExecutor.java:369)
	at com.kms.katalon.core.common.CommonExecutor.accessTestCaseMainPhase(CommonExecutor.java:71)
	at com.kms.katalon.core.main.TestSuiteExecutor.accessTestSuiteMainPhase(TestSuiteExecutor.java:160)
	at com.kms.katalon.core.main.TestSuiteExecutor.execute(TestSuiteExecutor.java:107)
	at com.kms.katalon.core.main.TestCaseMain.startTestSuite(TestCaseMain.java:180)
	at TempTestSuite1740243953121.run(TempTestSuite1740243953121.groovy:35)
	at java.base/jdk.internal.reflect.NativeMethodAccessorImpl.invoke0(Native Method)
	at java.base/jdk.internal.reflect.NativeMethodAccessorImpl.invoke(NativeMethodAccessorImpl.java:77)
	at java.base/jdk.internal.reflect.DelegatingMethodAccessorImpl.invoke(DelegatingMethodAccessorImpl.java:43)
)

22-02-2025T22:36:59 - [MESSAGE][FAILED] - Unable to verify Checkpoint 'Checkpoints/CheckpointforMoodle' (Root cause: com.kms.katalon.core.exception.StepFailedException: Checkpoint data and Source data are NOT matched
	at com.kms.katalon.core.keyword.builtin.VerifyCheckpointKeyword$_verifyCheckpoint_closure1.doCall(VerifyCheckpointKeyword.groovy:123)
	at com.kms.katalon.core.keyword.builtin.VerifyCheckpointKeyword$_verifyCheckpoint_closure1.call(VerifyCheckpointKeyword.groovy)
	at com.kms.katalon.core.keyword.internal.KeywordMain.runKeyword(KeywordMain.groovy:75)
	at com.kms.katalon.core.keyword.builtin.VerifyCheckpointKeyword.verifyCheckpoint(VerifyCheckpointKeyword.groovy:125)
	at com.kms.katalon.core.keyword.builtin.VerifyCheckpointKeyword.execute(VerifyCheckpointKeyword.groovy:51)
	at com.kms.katalon.core.keyword.internal.KeywordExecutor.executeKeywordForPlatform(KeywordExecutor.groovy:74)
	at com.kms.katalon.core.keyword.BuiltinKeywords.verifyCheckpoint(BuiltinKeywords.groovy:380)
	at java.base/jdk.internal.reflect.NativeMethodAccessorImpl.invoke0(Native Method)
	at java.base/jdk.internal.reflect.NativeMethodAccessorImpl.invoke(NativeMethodAccessorImpl.java:77)
	at java.base/jdk.internal.reflect.DelegatingMethodAccessorImpl.invoke(DelegatingMethodAccessorImpl.java:43)
	at CheckpointswithDDT.run(CheckpointswithDDT:20)
	at com.kms.katalon.core.main.ScriptEngine.run(ScriptEngine.java:194)
	at com.kms.katalon.core.main.ScriptEngine.runScriptAsRawText(ScriptEngine.java:119)
	at com.kms.katalon.core.main.TestCaseExecutor.runScript(TestCaseExecutor.java:448)
	at com.kms.katalon.core.main.TestCaseExecutor.doExecute(TestCaseExecutor.java:439)
	at com.kms.katalon.core.main.TestCaseExecutor.processExecutionPhase(TestCaseExecutor.java:418)
	at com.kms.katalon.core.main.TestCaseExecutor.accessMainPhase(TestCaseExecutor.java:410)
	at com.kms.katalon.core.main.TestCaseExecutor.execute(TestCaseExecutor.java:285)
	at com.kms.katalon.core.main.TestCaseExecutor.execute(TestCaseExecutor.java:369)
	at com.kms.katalon.core.main.TestCaseExecutor.execute(TestCaseExecutor.java:369)
	at com.kms.katalon.core.main.TestCaseExecutor.execute(TestCaseExecutor.java:369)
	at com.kms.katalon.core.common.CommonExecutor.accessTestCaseMainPhase(CommonExecutor.java:71)
	at com.kms.katalon.core.main.TestSuiteExecutor.accessTestSuiteMainPhase(TestSuiteExecutor.java:160)
	at com.kms.katalon.core.main.TestSuiteExecutor.execute(TestSuiteExecutor.java:107)
	at com.kms.katalon.core.main.TestCaseMain.startTestSuite(TestCaseMain.java:180)
	at TempTestSuite1740243953121.run(TempTestSuite1740243953121.groovy:35)
	at java.base/jdk.internal.reflect.NativeMethodAccessorImpl.invoke0(Native Method)
	at java.base/jdk.internal.reflect.NativeMethodAccessorImpl.invoke(NativeMethodAccessorImpl.java:77)
	at java.base/jdk.internal.reflect.DelegatingMethodAccessorImpl.invoke(DelegatingMethodAccessorImpl.java:43)
)

22-02-2025T22:36:59 - [TEST_STEP][PASSED] - openBrowser(""): Browser is opened with url: ''

22-02-2025T22:36:59 - [MESSAGE][INFO] - Starting 'Chrome' driver

22-02-2025T22:36:59 - [MESSAGE][INFO] - Action delay is set to 0 milliseconds

22-02-2025T22:37:02 - [MESSAGE][PASSED] - Browser is opened with url: ''

22-02-2025T22:37:02 - [TEST_STEP][PASSED] - navigateToUrl("https://sandbox.moodledemo.net/"): Navigate to 'https://sandbox.moodledemo.net/' successfully

22-02-2025T22:37:08 - [MESSAGE][PASSED] - Navigate to 'https://sandbox.moodledemo.net/' successfully

22-02-2025T22:37:08 - [TEST_STEP][PASSED] - click(findTestObject("Object Repository/Checkpointswithdatadriven/Page_Home  Sandbox 4.5/a_Log in")): Object: 'Object Repository/Checkpointswithdatadriven/Page_Home  Sandbox 4.5/a_Log in' is clicked on

22-02-2025T22:37:10 - [MESSAGE][PASSED] - Object: 'Object Repository/Checkpointswithdatadriven/Page_Home  Sandbox 4.5/a_Log in' is clicked on

22-02-2025T22:37:10 - [TEST_STEP][PASSED] - setText(findTestObject("Object Repository/Checkpointswithdatadriven/Page_Log in to the site  Sandbox 4.5/input_Username_username"), username): Text 'admin' is set on object 'Object Repository/Checkpointswithdatadriven/Page_Log in to the site  Sandbox 4.5/input_Username_username'

22-02-2025T22:37:12 - [MESSAGE][PASSED] - Text 'admin' is set on object 'Object Repository/Checkpointswithdatadriven/Page_Log in to the site  Sandbox 4.5/input_Username_username'

22-02-2025T22:37:12 - [TEST_STEP][PASSED] - setText(findTestObject("Object Repository/Checkpointswithdatadriven/Page_Log in to the site  Sandbox 4.5/input_Password_password"), password): Text 'sandbox24' is set on object 'Object Repository/Checkpointswithdatadriven/Page_Log in to the site  Sandbox 4.5/input_Password_password'

22-02-2025T22:37:13 - [MESSAGE][PASSED] - Text 'sandbox24' is set on object 'Object Repository/Checkpointswithdatadriven/Page_Log in to the site  Sandbox 4.5/input_Password_password'

22-02-2025T22:37:13 - [TEST_STEP][PASSED] - click(findTestObject("Object Repository/Checkpointswithdatadriven/Page_Log in to the site  Sandbox 4.5/button_Log in")): Object: 'Object Repository/Checkpointswithdatadriven/Page_Log in to the site  Sandbox 4.5/button_Log in' is clicked on

22-02-2025T22:37:14 - [MESSAGE][PASSED] - Object: 'Object Repository/Checkpointswithdatadriven/Page_Log in to the site  Sandbox 4.5/button_Log in' is clicked on

22-02-2025T22:37:14 - [TEST_STEP][FAILED] - verifyElementText(findTestObject("Object Repository/Checkpointswithdatadriven/Page_Home  Sandbox 4.5/span_AU"), expectedResult): Actual text 'AU' and expected text 'AUS' of test object 'Object Repository/Checkpointswithdatadriven/Page_Home  Sandbox 4.5/span_AU' are NOT matched. (Root cause: com.kms.katalon.core.exception.StepFailedException: Actual text 'AU' and expected text 'AUS' of test object 'Object Repository/Checkpointswithdatadriven/Page_Home  Sandbox 4.5/span_AU' are NOT matched.
	at com.kms.katalon.core.webui.keyword.internal.WebUIKeywordMain.stepFailed(WebUIKeywordMain.groovy:117)
	at com.kms.katalon.core.webui.keyword.builtin.VerifyElementTextKeyword$_verifyElementText_closure1.doCall(VerifyElementTextKeyword.groovy:57)
	at com.kms.katalon.core.webui.keyword.builtin.VerifyElementTextKeyword$_verifyElementText_closure1.call(VerifyElementTextKeyword.groovy)
	at com.kms.katalon.core.webui.keyword.internal.WebUIKeywordMain.runKeyword(WebUIKeywordMain.groovy:35)
	at com.kms.katalon.core.webui.keyword.builtin.VerifyElementTextKeyword.verifyElementText(VerifyElementTextKeyword.groovy:72)
	at com.kms.katalon.core.webui.keyword.builtin.VerifyElementTextKeyword.execute(VerifyElementTextKeyword.groovy:40)
	at com.kms.katalon.core.keyword.internal.KeywordExecutor.executeKeywordForPlatform(KeywordExecutor.groovy:74)
	at com.kms.katalon.core.webui.keyword.WebUiBuiltInKeywords.verifyElementText(WebUiBuiltInKeywords.groovy:4994)
	at CheckpointswithDDT.run(CheckpointswithDDT:36)
	at com.kms.katalon.core.main.ScriptEngine.run(ScriptEngine.java:194)
	at com.kms.katalon.core.main.ScriptEngine.runScriptAsRawText(ScriptEngine.java:119)
	at com.kms.katalon.core.main.TestCaseExecutor.runScript(TestCaseExecutor.java:448)
	at com.kms.katalon.core.main.TestCaseExecutor.doExecute(TestCaseExecutor.java:439)
	at com.kms.katalon.core.main.TestCaseExecutor.processExecutionPhase(TestCaseExecutor.java:418)
	at com.kms.katalon.core.main.TestCaseExecutor.accessMainPhase(TestCaseExecutor.java:410)
	at com.kms.katalon.core.main.TestCaseExecutor.execute(TestCaseExecutor.java:285)
	at com.kms.katalon.core.main.TestCaseExecutor.execute(TestCaseExecutor.java:369)
	at com.kms.katalon.core.main.TestCaseExecutor.execute(TestCaseExecutor.java:369)
	at com.kms.katalon.core.main.TestCaseExecutor.execute(TestCaseExecutor.java:369)
	at com.kms.katalon.core.common.CommonExecutor.accessTestCaseMainPhase(CommonExecutor.java:71)
	at com.kms.katalon.core.main.TestSuiteExecutor.accessTestSuiteMainPhase(TestSuiteExecutor.java:160)
	at com.kms.katalon.core.main.TestSuiteExecutor.execute(TestSuiteExecutor.java:107)
	at com.kms.katalon.core.main.TestCaseMain.startTestSuite(TestCaseMain.java:180)
	at TempTestSuite1740243953121.run(TempTestSuite1740243953121.groovy:35)
	at java.base/jdk.internal.reflect.NativeMethodAccessorImpl.invoke0(Native Method)
	at java.base/jdk.internal.reflect.NativeMethodAccessorImpl.invoke(NativeMethodAccessorImpl.java:77)
	at java.base/jdk.internal.reflect.DelegatingMethodAccessorImpl.invoke(DelegatingMethodAccessorImpl.java:43)
)

22-02-2025T22:37:16 - [MESSAGE][FAILED] - Actual text 'AU' and expected text 'AUS' of test object 'Object Repository/Checkpointswithdatadriven/Page_Home  Sandbox 4.5/span_AU' are NOT matched. (Root cause: com.kms.katalon.core.exception.StepFailedException: Actual text 'AU' and expected text 'AUS' of test object 'Object Repository/Checkpointswithdatadriven/Page_Home  Sandbox 4.5/span_AU' are NOT matched.
	at com.kms.katalon.core.webui.keyword.internal.WebUIKeywordMain.stepFailed(WebUIKeywordMain.groovy:117)
	at com.kms.katalon.core.webui.keyword.builtin.VerifyElementTextKeyword$_verifyElementText_closure1.doCall(VerifyElementTextKeyword.groovy:57)
	at com.kms.katalon.core.webui.keyword.builtin.VerifyElementTextKeyword$_verifyElementText_closure1.call(VerifyElementTextKeyword.groovy)
	at com.kms.katalon.core.webui.keyword.internal.WebUIKeywordMain.runKeyword(WebUIKeywordMain.groovy:35)
	at com.kms.katalon.core.webui.keyword.builtin.VerifyElementTextKeyword.verifyElementText(VerifyElementTextKeyword.groovy:72)
	at com.kms.katalon.core.webui.keyword.builtin.VerifyElementTextKeyword.execute(VerifyElementTextKeyword.groovy:40)
	at com.kms.katalon.core.keyword.internal.KeywordExecutor.executeKeywordForPlatform(KeywordExecutor.groovy:74)
	at com.kms.katalon.core.webui.keyword.WebUiBuiltInKeywords.verifyElementText(WebUiBuiltInKeywords.groovy:4994)
	at CheckpointswithDDT.run(CheckpointswithDDT:36)
	at com.kms.katalon.core.main.ScriptEngine.run(ScriptEngine.java:194)
	at com.kms.katalon.core.main.ScriptEngine.runScriptAsRawText(ScriptEngine.java:119)
	at com.kms.katalon.core.main.TestCaseExecutor.runScript(TestCaseExecutor.java:448)
	at com.kms.katalon.core.main.TestCaseExecutor.doExecute(TestCaseExecutor.java:439)
	at com.kms.katalon.core.main.TestCaseExecutor.processExecutionPhase(TestCaseExecutor.java:418)
	at com.kms.katalon.core.main.TestCaseExecutor.accessMainPhase(TestCaseExecutor.java:410)
	at com.kms.katalon.core.main.TestCaseExecutor.execute(TestCaseExecutor.java:285)
	at com.kms.katalon.core.main.TestCaseExecutor.execute(TestCaseExecutor.java:369)
	at com.kms.katalon.core.main.TestCaseExecutor.execute(TestCaseExecutor.java:369)
	at com.kms.katalon.core.main.TestCaseExecutor.execute(TestCaseExecutor.java:369)
	at com.kms.katalon.core.common.CommonExecutor.accessTestCaseMainPhase(CommonExecutor.java:71)
	at com.kms.katalon.core.main.TestSuiteExecutor.accessTestSuiteMainPhase(TestSuiteExecutor.java:160)
	at com.kms.katalon.core.main.TestSuiteExecutor.execute(TestSuiteExecutor.java:107)
	at com.kms.katalon.core.main.TestCaseMain.startTestSuite(TestCaseMain.java:180)
	at TempTestSuite1740243953121.run(TempTestSuite1740243953121.groovy:35)
	at java.base/jdk.internal.reflect.NativeMethodAccessorImpl.invoke0(Native Method)
	at java.base/jdk.internal.reflect.NativeMethodAccessorImpl.invoke(NativeMethodAccessorImpl.java:77)
	at java.base/jdk.internal.reflect.DelegatingMethodAccessorImpl.invoke(DelegatingMethodAccessorImpl.java:43)
)
[[ATTACHMENT|C:\\Users\\jesila\\git\\LabManager\\Reports\\20250222_223553\\DDT with Moodle\\20250222_223553\\1740244036254.png]]

22-02-2025T22:37:16 - [TEST_STEP][PASSED] - click(findTestObject("Object Repository/Checkpointswithdatadriven/Page_Home  Sandbox 4.5/a_AU")): Object: 'Object Repository/Checkpointswithdatadriven/Page_Home  Sandbox 4.5/a_AU' is clicked on

22-02-2025T22:37:17 - [MESSAGE][PASSED] - Object: 'Object Repository/Checkpointswithdatadriven/Page_Home  Sandbox 4.5/a_AU' is clicked on

22-02-2025T22:37:17 - [TEST_STEP][PASSED] - click(findTestObject("Object Repository/Checkpointswithdatadriven/Page_Home  Sandbox 4.5/a_Log out")): Object: 'Object Repository/Checkpointswithdatadriven/Page_Home  Sandbox 4.5/a_Log out' is clicked on

22-02-2025T22:37:18 - [MESSAGE][PASSED] - Object: 'Object Repository/Checkpointswithdatadriven/Page_Home  Sandbox 4.5/a_Log out' is clicked on

22-02-2025T22:37:18 - [TEST_STEP][PASSED] - closeBrowser(): Browser is closed

22-02-2025T22:37:19 - [MESSAGE][PASSED] - Browser is closed

22-02-2025T22:37:19 - [TEST_STEP][PASSED] - Start listener action : sampleAfterTestCase: null

22-02-2025T22:37:19 - [TEST_STEP][PASSED] - println(testCaseContext.getTestCaseId()): null

22-02-2025T22:37:19 - [TEST_STEP][PASSED] - println(testCaseContext.getTestCaseStatus()): null]]></system-out>
         <system-err><![CDATA[22-02-2025T22:36:59 - [TEST_CASE][FAILED] - Test Cases/CheckpointswithDDT: Test Cases/CheckpointswithDDT FAILED.
Reason:
com.kms.katalon.core.exception.StepFailedException: Unable to verify Checkpoint 'Checkpoints/CheckpointforMoodle' (Root cause: com.kms.katalon.core.exception.StepFailedException: Checkpoint data and Source data are NOT matched
	at com.kms.katalon.core.keyword.builtin.VerifyCheckpointKeyword$_verifyCheckpoint_closure1.doCall(VerifyCheckpointKeyword.groovy:123)
	at com.kms.katalon.core.keyword.builtin.VerifyCheckpointKeyword$_verifyCheckpoint_closure1.call(VerifyCheckpointKeyword.groovy)
	at com.kms.katalon.core.keyword.internal.KeywordMain.runKeyword(KeywordMain.groovy:75)
	at com.kms.katalon.core.keyword.builtin.VerifyCheckpointKeyword.verifyCheckpoint(VerifyCheckpointKeyword.groovy:125)
	at com.kms.katalon.core.keyword.builtin.VerifyCheckpointKeyword.execute(VerifyCheckpointKeyword.groovy:51)
	at com.kms.katalon.core.keyword.internal.KeywordExecutor.executeKeywordForPlatform(KeywordExecutor.groovy:74)
	at com.kms.katalon.core.keyword.BuiltinKeywords.verifyCheckpoint(BuiltinKeywords.groovy:380)
	at java.base/jdk.internal.reflect.NativeMethodAccessorImpl.invoke0(Native Method)
	at java.base/jdk.internal.reflect.NativeMethodAccessorImpl.invoke(NativeMethodAccessorImpl.java:77)
	at java.base/jdk.internal.reflect.DelegatingMethodAccessorImpl.invoke(DelegatingMethodAccessorImpl.java:43)
	at CheckpointswithDDT.run(CheckpointswithDDT:20)
	at com.kms.katalon.core.main.ScriptEngine.run(ScriptEngine.java:194)
	at com.kms.katalon.core.main.ScriptEngine.runScriptAsRawText(ScriptEngine.java:119)
	at com.kms.katalon.core.main.TestCaseExecutor.runScript(TestCaseExecutor.java:448)
	at com.kms.katalon.core.main.TestCaseExecutor.doExecute(TestCaseExecutor.java:439)
	at com.kms.katalon.core.main.TestCaseExecutor.processExecutionPhase(TestCaseExecutor.java:418)
	at com.kms.katalon.core.main.TestCaseExecutor.accessMainPhase(TestCaseExecutor.java:410)
	at com.kms.katalon.core.main.TestCaseExecutor.execute(TestCaseExecutor.java:285)
	at com.kms.katalon.core.main.TestCaseExecutor.execute(TestCaseExecutor.java:369)
	at com.kms.katalon.core.main.TestCaseExecutor.execute(TestCaseExecutor.java:369)
	at com.kms.katalon.core.main.TestCaseExecutor.execute(TestCaseExecutor.java:369)
	at com.kms.katalon.core.common.CommonExecutor.accessTestCaseMainPhase(CommonExecutor.java:71)
	at com.kms.katalon.core.main.TestSuiteExecutor.accessTestSuiteMainPhase(TestSuiteExecutor.java:160)
	at com.kms.katalon.core.main.TestSuiteExecutor.execute(TestSuiteExecutor.java:107)
	at com.kms.katalon.core.main.TestCaseMain.startTestSuite(TestCaseMain.java:180)
	at TempTestSuite1740243953121.run(TempTestSuite1740243953121.groovy:35)
	at java.base/jdk.internal.reflect.NativeMethodAccessorImpl.invoke0(Native Method)
	at java.base/jdk.internal.reflect.NativeMethodAccessorImpl.invoke(NativeMethodAccessorImpl.java:77)
	at java.base/jdk.internal.reflect.DelegatingMethodAccessorImpl.invoke(DelegatingMethodAccessorImpl.java:43)
)
	at com.kms.katalon.core.keyword.internal.KeywordMain.stepFailed(KeywordMain.groovy:39)
	at com.kms.katalon.core.keyword.internal.KeywordMain.stepFailed(KeywordMain.groovy)
	at com.kms.katalon.core.keyword.internal.KeywordMain.runKeyword(KeywordMain.groovy:77)
	at com.kms.katalon.core.keyword.builtin.VerifyCheckpointKeyword.verifyCheckpoint(VerifyCheckpointKeyword.groovy:125)
	at com.kms.katalon.core.keyword.builtin.VerifyCheckpointKeyword.execute(VerifyCheckpointKeyword.groovy:51)
	at com.kms.katalon.core.keyword.internal.KeywordExecutor.executeKeywordForPlatform(KeywordExecutor.groovy:74)
	at com.kms.katalon.core.keyword.BuiltinKeywords.verifyCheckpoint(BuiltinKeywords.groovy:380)
	at java.base/jdk.internal.reflect.NativeMethodAccessorImpl.invoke0(Native Method)
	at java.base/jdk.internal.reflect.NativeMethodAccessorImpl.invoke(NativeMethodAccessorImpl.java:77)
	at java.base/jdk.internal.reflect.DelegatingMethodAccessorImpl.invoke(DelegatingMethodAccessorImpl.java:43)
	at CheckpointswithDDT.run(CheckpointswithDDT:20)
	at com.kms.katalon.core.main.ScriptEngine.run(ScriptEngine.java:194)
	at com.kms.katalon.core.main.ScriptEngine.runScriptAsRawText(ScriptEngine.java:119)
	at com.kms.katalon.core.main.TestCaseExecutor.runScript(TestCaseExecutor.java:448)
	at com.kms.katalon.core.main.TestCaseExecutor.doExecute(TestCaseExecutor.java:439)
	at com.kms.katalon.core.main.TestCaseExecutor.processExecutionPhase(TestCaseExecutor.java:418)
	at com.kms.katalon.core.main.TestCaseExecutor.accessMainPhase(TestCaseExecutor.java:410)
	at com.kms.katalon.core.main.TestCaseExecutor.execute(TestCaseExecutor.java:285)
	at com.kms.katalon.core.main.TestCaseExecutor.execute(TestCaseExecutor.java:369)
	at com.kms.katalon.core.main.TestCaseExecutor.execute(TestCaseExecutor.java:369)
	at com.kms.katalon.core.main.TestCaseExecutor.execute(TestCaseExecutor.java:369)
	at com.kms.katalon.core.common.CommonExecutor.accessTestCaseMainPhase(CommonExecutor.java:71)
	at com.kms.katalon.core.main.TestSuiteExecutor.accessTestSuiteMainPhase(TestSuiteExecutor.java:160)
	at com.kms.katalon.core.main.TestSuiteExecutor.execute(TestSuiteExecutor.java:107)
	at com.kms.katalon.core.main.TestCaseMain.startTestSuite(TestCaseMain.java:180)
	at TempTestSuite1740243953121.run(TempTestSuite1740243953121.groovy:35)
	at java.base/jdk.internal.reflect.NativeMethodAccessorImpl.invoke0(Native Method)
	at java.base/jdk.internal.reflect.NativeMethodAccessorImpl.invoke(NativeMethodAccessorImpl.java:77)
	at java.base/jdk.internal.reflect.DelegatingMethodAccessorImpl.invoke(DelegatingMethodAccessorImpl.java:43)
Caused by: com.kms.katalon.core.exception.StepFailedException: Checkpoint data and Source data are NOT matched
	at com.kms.katalon.core.keyword.builtin.VerifyCheckpointKeyword$_verifyCheckpoint_closure1.doCall(VerifyCheckpointKeyword.groovy:123)
	at com.kms.katalon.core.keyword.builtin.VerifyCheckpointKeyword$_verifyCheckpoint_closure1.call(VerifyCheckpointKeyword.groovy)
	at com.kms.katalon.core.keyword.internal.KeywordMain.runKeyword(KeywordMain.groovy:75)
	... 26 more]]></system-err>
      </testcase>
      <testcase name="Test Cases/CheckpointswithDDT" time="18.506" classname="Test Cases/CheckpointswithDDT" status="FAILED">
         <properties>
            <property name="data_binding"><![CDATA[{"password":"sandbox24","expectedResult":"MM","username":"manager"}]]></property>
         </properties>
         <failure type="FAILED" message="Test Cases/CheckpointswithDDT FAILED.&#xa;Reason:&#xa;com.kms.katalon.core.exception.StepFailedException: Unable to verify Checkpoint 'Checkpoints/CheckpointforMoodle' (Root cause: com.kms.katalon.core.exception.StepFailedException: Checkpoint data and Source data are NOT matched&#xa;	at com.kms.katalon.core.keyword.builtin.VerifyCheckpointKeyword$_verifyCheckpoint_closure1.doCall(VerifyCheckpointKeyword.groovy:123)&#xa;	at com.kms.katalon.core.keyword.builtin.VerifyCheckpointKeyword$_verifyCheckpoint_closure1.call(VerifyCheckpointKeyword.groovy)&#xa;	at com.kms.katalon.core.keyword.internal.KeywordMain.runKeyword(KeywordMain.groovy:75)&#xa;	at com.kms.katalon.core.keyword.builtin.VerifyCheckpointKeyword.verifyCheckpoint(VerifyCheckpointKeyword.groovy:125)&#xa;	at com.kms.katalon.core.keyword.builtin.VerifyCheckpointKeyword.execute(VerifyCheckpointKeyword.groovy:51)&#xa;	at com.kms.katalon.core.keyword.internal.KeywordExecutor.executeKeywordForPlatform(KeywordExecutor.groovy:74)&#xa;	at com.kms.katalon.core.keyword.BuiltinKeywords.verifyCheckpoint(BuiltinKeywords.groovy:380)&#xa;	at java.base/jdk.internal.reflect.NativeMethodAccessorImpl.invoke0(Native Method)&#xa;	at java.base/jdk.internal.reflect.NativeMethodAccessorImpl.invoke(NativeMethodAccessorImpl.java:77)&#xa;	at java.base/jdk.internal.reflect.DelegatingMethodAccessorImpl.invoke(DelegatingMethodAccessorImpl.java:43)&#xa;	at CheckpointswithDDT.run(CheckpointswithDDT:20)&#xa;	at com.kms.katalon.core.main.ScriptEngine.run(ScriptEngine.java:194)&#xa;	at com.kms.katalon.core.main.ScriptEngine.runScriptAsRawText(ScriptEngine.java:119)&#xa;	at com.kms.katalon.core.main.TestCaseExecutor.runScript(TestCaseExecutor.java:448)&#xa;	at com.kms.katalon.core.main.TestCaseExecutor.doExecute(TestCaseExecutor.java:439)&#xa;	at com.kms.katalon.core.main.TestCaseExecutor.processExecutionPhase(TestCaseExecutor.java:418)&#xa;	at com.kms.katalon.core.main.TestCaseExecutor.accessMainPhase(TestCaseExecutor.java:410)&#xa;	at com.kms.katalon.core.main.TestCaseExecutor.execute(TestCaseExecutor.java:285)&#xa;	at com.kms.katalon.core.main.TestCaseExecutor.execute(TestCaseExecutor.java:369)&#xa;	at com.kms.katalon.core.main.TestCaseExecutor.execute(TestCaseExecutor.java:369)&#xa;	at com.kms.katalon.core.main.TestCaseExecutor.execute(TestCaseExecutor.java:369)&#xa;	at com.kms.katalon.core.common.CommonExecutor.accessTestCaseMainPhase(CommonExecutor.java:71)&#xa;	at com.kms.katalon.core.main.TestSuiteExecutor.accessTestSuiteMainPhase(TestSuiteExecutor.java:160)&#xa;	at com.kms.katalon.core.main.TestSuiteExecutor.execute(TestSuiteExecutor.java:107)&#xa;	at com.kms.katalon.core.main.TestCaseMain.startTestSuite(TestCaseMain.java:180)&#xa;	at TempTestSuite1740243953121.run(TempTestSuite1740243953121.groovy:35)&#xa;	at java.base/jdk.internal.reflect.NativeMethodAccessorImpl.invoke0(Native Method)&#xa;	at java.base/jdk.internal.reflect.NativeMethodAccessorImpl.invoke(NativeMethodAccessorImpl.java:77)&#xa;	at java.base/jdk.internal.reflect.DelegatingMethodAccessorImpl.invoke(DelegatingMethodAccessorImpl.java:43)&#xa;)&#xa;	at com.kms.katalon.core.keyword.internal.KeywordMain.stepFailed(KeywordMain.groovy:39)&#xa;	at com.kms.katalon.core.keyword.internal.KeywordMain.stepFailed(KeywordMain.groovy)&#xa;	at com.kms.katalon.core.keyword.internal.KeywordMain.runKeyword(KeywordMain.groovy:77)&#xa;	at com.kms.katalon.core.keyword.builtin.VerifyCheckpointKeyword.verifyCheckpoint(VerifyCheckpointKeyword.groovy:125)&#xa;	at com.kms.katalon.core.keyword.builtin.VerifyCheckpointKeyword.execute(VerifyCheckpointKeyword.groovy:51)&#xa;	at com.kms.katalon.core.keyword.internal.KeywordExecutor.executeKeywordForPlatform(KeywordExecutor.groovy:74)&#xa;	at com.kms.katalon.core.keyword.BuiltinKeywords.verifyCheckpoint(BuiltinKeywords.groovy:380)&#xa;	at java.base/jdk.internal.reflect.NativeMethodAccessorImpl.invoke0(Native Method)&#xa;	at java.base/jdk.internal.reflect.NativeMethodAccessorImpl.invoke(NativeMethodAccessorImpl.java:77)&#xa;	at java.base/jdk.internal.reflect.DelegatingMethodAccessorImpl.invoke(DelegatingMethodAccessorImpl.java:43)&#xa;	at CheckpointswithDDT.run(CheckpointswithDDT:20)&#xa;	at com.kms.katalon.core.main.ScriptEngine.run(ScriptEngine.java:194)&#xa;	at com.kms.katalon.core.main.ScriptEngine.runScriptAsRawText(ScriptEngine.java:119)&#xa;	at com.kms.katalon.core.main.TestCaseExecutor.runScript(TestCaseExecutor.java:448)&#xa;	at com.kms.katalon.core.main.TestCaseExecutor.doExecute(TestCaseExecutor.java:439)&#xa;	at com.kms.katalon.core.main.TestCaseExecutor.processExecutionPhase(TestCaseExecutor.java:418)&#xa;	at com.kms.katalon.core.main.TestCaseExecutor.accessMainPhase(TestCaseExecutor.java:410)&#xa;	at com.kms.katalon.core.main.TestCaseExecutor.execute(TestCaseExecutor.java:285)&#xa;	at com.kms.katalon.core.main.TestCaseExecutor.execute(TestCaseExecutor.java:369)&#xa;	at com.kms.katalon.core.main.TestCaseExecutor.execute(TestCaseExecutor.java:369)&#xa;	at com.kms.katalon.core.main.TestCaseExecutor.execute(TestCaseExecutor.java:369)&#xa;	at com.kms.katalon.core.common.CommonExecutor.accessTestCaseMainPhase(CommonExecutor.java:71)&#xa;	at com.kms.katalon.core.main.TestSuiteExecutor.accessTestSuiteMainPhase(TestSuiteExecutor.java:160)&#xa;	at com.kms.katalon.core.main.TestSuiteExecutor.execute(TestSuiteExecutor.java:107)&#xa;	at com.kms.katalon.core.main.TestCaseMain.startTestSuite(TestCaseMain.java:180)&#xa;	at TempTestSuite1740243953121.run(TempTestSuite1740243953121.groovy:35)&#xa;	at java.base/jdk.internal.reflect.NativeMethodAccessorImpl.invoke0(Native Method)&#xa;	at java.base/jdk.internal.reflect.NativeMethodAccessorImpl.invoke(NativeMethodAccessorImpl.java:77)&#xa;	at java.base/jdk.internal.reflect.DelegatingMethodAccessorImpl.invoke(DelegatingMethodAccessorImpl.java:43)&#xa;Caused by: com.kms.katalon.core.exception.StepFailedException: Checkpoint data and Source data are NOT matched&#xa;	at com.kms.katalon.core.keyword.builtin.VerifyCheckpointKeyword$_verifyCheckpoint_closure1.doCall(VerifyCheckpointKeyword.groovy:123)&#xa;	at com.kms.katalon.core.keyword.builtin.VerifyCheckpointKeyword$_verifyCheckpoint_closure1.call(VerifyCheckpointKeyword.groovy)&#xa;	at com.kms.katalon.core.keyword.internal.KeywordMain.runKeyword(KeywordMain.groovy:75)&#xa;	... 26 more&#xa;"/>
         <system-out><![CDATA[22-02-2025T22:38:18 - [TEST_CASE][FAILED] - Test Cases/CheckpointswithDDT: Test Cases/CheckpointswithDDT FAILED.
Reason:
com.kms.katalon.core.exception.StepFailedException: Unable to verify Checkpoint 'Checkpoints/CheckpointforMoodle' (Root cause: com.kms.katalon.core.exception.StepFailedException: Checkpoint data and Source data are NOT matched
	at com.kms.katalon.core.keyword.builtin.VerifyCheckpointKeyword$_verifyCheckpoint_closure1.doCall(VerifyCheckpointKeyword.groovy:123)
	at com.kms.katalon.core.keyword.builtin.VerifyCheckpointKeyword$_verifyCheckpoint_closure1.call(VerifyCheckpointKeyword.groovy)
	at com.kms.katalon.core.keyword.internal.KeywordMain.runKeyword(KeywordMain.groovy:75)
	at com.kms.katalon.core.keyword.builtin.VerifyCheckpointKeyword.verifyCheckpoint(VerifyCheckpointKeyword.groovy:125)
	at com.kms.katalon.core.keyword.builtin.VerifyCheckpointKeyword.execute(VerifyCheckpointKeyword.groovy:51)
	at com.kms.katalon.core.keyword.internal.KeywordExecutor.executeKeywordForPlatform(KeywordExecutor.groovy:74)
	at com.kms.katalon.core.keyword.BuiltinKeywords.verifyCheckpoint(BuiltinKeywords.groovy:380)
	at java.base/jdk.internal.reflect.NativeMethodAccessorImpl.invoke0(Native Method)
	at java.base/jdk.internal.reflect.NativeMethodAccessorImpl.invoke(NativeMethodAccessorImpl.java:77)
	at java.base/jdk.internal.reflect.DelegatingMethodAccessorImpl.invoke(DelegatingMethodAccessorImpl.java:43)
	at CheckpointswithDDT.run(CheckpointswithDDT:20)
	at com.kms.katalon.core.main.ScriptEngine.run(ScriptEngine.java:194)
	at com.kms.katalon.core.main.ScriptEngine.runScriptAsRawText(ScriptEngine.java:119)
	at com.kms.katalon.core.main.TestCaseExecutor.runScript(TestCaseExecutor.java:448)
	at com.kms.katalon.core.main.TestCaseExecutor.doExecute(TestCaseExecutor.java:439)
	at com.kms.katalon.core.main.TestCaseExecutor.processExecutionPhase(TestCaseExecutor.java:418)
	at com.kms.katalon.core.main.TestCaseExecutor.accessMainPhase(TestCaseExecutor.java:410)
	at com.kms.katalon.core.main.TestCaseExecutor.execute(TestCaseExecutor.java:285)
	at com.kms.katalon.core.main.TestCaseExecutor.execute(TestCaseExecutor.java:369)
	at com.kms.katalon.core.main.TestCaseExecutor.execute(TestCaseExecutor.java:369)
	at com.kms.katalon.core.main.TestCaseExecutor.execute(TestCaseExecutor.java:369)
	at com.kms.katalon.core.common.CommonExecutor.accessTestCaseMainPhase(CommonExecutor.java:71)
	at com.kms.katalon.core.main.TestSuiteExecutor.accessTestSuiteMainPhase(TestSuiteExecutor.java:160)
	at com.kms.katalon.core.main.TestSuiteExecutor.execute(TestSuiteExecutor.java:107)
	at com.kms.katalon.core.main.TestCaseMain.startTestSuite(TestCaseMain.java:180)
	at TempTestSuite1740243953121.run(TempTestSuite1740243953121.groovy:35)
	at java.base/jdk.internal.reflect.NativeMethodAccessorImpl.invoke0(Native Method)
	at java.base/jdk.internal.reflect.NativeMethodAccessorImpl.invoke(NativeMethodAccessorImpl.java:77)
	at java.base/jdk.internal.reflect.DelegatingMethodAccessorImpl.invoke(DelegatingMethodAccessorImpl.java:43)
)
	at com.kms.katalon.core.keyword.internal.KeywordMain.stepFailed(KeywordMain.groovy:39)
	at com.kms.katalon.core.keyword.internal.KeywordMain.stepFailed(KeywordMain.groovy)
	at com.kms.katalon.core.keyword.internal.KeywordMain.runKeyword(KeywordMain.groovy:77)
	at com.kms.katalon.core.keyword.builtin.VerifyCheckpointKeyword.verifyCheckpoint(VerifyCheckpointKeyword.groovy:125)
	at com.kms.katalon.core.keyword.builtin.VerifyCheckpointKeyword.execute(VerifyCheckpointKeyword.groovy:51)
	at com.kms.katalon.core.keyword.internal.KeywordExecutor.executeKeywordForPlatform(KeywordExecutor.groovy:74)
	at com.kms.katalon.core.keyword.BuiltinKeywords.verifyCheckpoint(BuiltinKeywords.groovy:380)
	at java.base/jdk.internal.reflect.NativeMethodAccessorImpl.invoke0(Native Method)
	at java.base/jdk.internal.reflect.NativeMethodAccessorImpl.invoke(NativeMethodAccessorImpl.java:77)
	at java.base/jdk.internal.reflect.DelegatingMethodAccessorImpl.invoke(DelegatingMethodAccessorImpl.java:43)
	at CheckpointswithDDT.run(CheckpointswithDDT:20)
	at com.kms.katalon.core.main.ScriptEngine.run(ScriptEngine.java:194)
	at com.kms.katalon.core.main.ScriptEngine.runScriptAsRawText(ScriptEngine.java:119)
	at com.kms.katalon.core.main.TestCaseExecutor.runScript(TestCaseExecutor.java:448)
	at com.kms.katalon.core.main.TestCaseExecutor.doExecute(TestCaseExecutor.java:439)
	at com.kms.katalon.core.main.TestCaseExecutor.processExecutionPhase(TestCaseExecutor.java:418)
	at com.kms.katalon.core.main.TestCaseExecutor.accessMainPhase(TestCaseExecutor.java:410)
	at com.kms.katalon.core.main.TestCaseExecutor.execute(TestCaseExecutor.java:285)
	at com.kms.katalon.core.main.TestCaseExecutor.execute(TestCaseExecutor.java:369)
	at com.kms.katalon.core.main.TestCaseExecutor.execute(TestCaseExecutor.java:369)
	at com.kms.katalon.core.main.TestCaseExecutor.execute(TestCaseExecutor.java:369)
	at com.kms.katalon.core.common.CommonExecutor.accessTestCaseMainPhase(CommonExecutor.java:71)
	at com.kms.katalon.core.main.TestSuiteExecutor.accessTestSuiteMainPhase(TestSuiteExecutor.java:160)
	at com.kms.katalon.core.main.TestSuiteExecutor.execute(TestSuiteExecutor.java:107)
	at com.kms.katalon.core.main.TestCaseMain.startTestSuite(TestCaseMain.java:180)
	at TempTestSuite1740243953121.run(TempTestSuite1740243953121.groovy:35)
	at java.base/jdk.internal.reflect.NativeMethodAccessorImpl.invoke0(Native Method)
	at java.base/jdk.internal.reflect.NativeMethodAccessorImpl.invoke(NativeMethodAccessorImpl.java:77)
	at java.base/jdk.internal.reflect.DelegatingMethodAccessorImpl.invoke(DelegatingMethodAccessorImpl.java:43)
Caused by: com.kms.katalon.core.exception.StepFailedException: Checkpoint data and Source data are NOT matched
	at com.kms.katalon.core.keyword.builtin.VerifyCheckpointKeyword$_verifyCheckpoint_closure1.doCall(VerifyCheckpointKeyword.groovy:123)
	at com.kms.katalon.core.keyword.builtin.VerifyCheckpointKeyword$_verifyCheckpoint_closure1.call(VerifyCheckpointKeyword.groovy)
	at com.kms.katalon.core.keyword.internal.KeywordMain.runKeyword(KeywordMain.groovy:75)
	... 26 more


22-02-2025T22:38:18 - [TEST_STEP][PASSED] - Start listener action : sampleBeforeTestCase: null

22-02-2025T22:38:18 - [TEST_STEP][PASSED] - println(testCaseContext.getTestCaseId()): null

22-02-2025T22:38:18 - [TEST_STEP][PASSED] - println(testCaseContext.getTestCaseVariables()): null

22-02-2025T22:38:18 - [TEST_STEP][FAILED] - verifyCheckpoint(findCheckpoint("Checkpoints/CheckpointforMoodle"), false): Unable to verify Checkpoint 'Checkpoints/CheckpointforMoodle' (Root cause: com.kms.katalon.core.exception.StepFailedException: Checkpoint data and Source data are NOT matched
	at com.kms.katalon.core.keyword.builtin.VerifyCheckpointKeyword$_verifyCheckpoint_closure1.doCall(VerifyCheckpointKeyword.groovy:123)
	at com.kms.katalon.core.keyword.builtin.VerifyCheckpointKeyword$_verifyCheckpoint_closure1.call(VerifyCheckpointKeyword.groovy)
	at com.kms.katalon.core.keyword.internal.KeywordMain.runKeyword(KeywordMain.groovy:75)
	at com.kms.katalon.core.keyword.builtin.VerifyCheckpointKeyword.verifyCheckpoint(VerifyCheckpointKeyword.groovy:125)
	at com.kms.katalon.core.keyword.builtin.VerifyCheckpointKeyword.execute(VerifyCheckpointKeyword.groovy:51)
	at com.kms.katalon.core.keyword.internal.KeywordExecutor.executeKeywordForPlatform(KeywordExecutor.groovy:74)
	at com.kms.katalon.core.keyword.BuiltinKeywords.verifyCheckpoint(BuiltinKeywords.groovy:380)
	at java.base/jdk.internal.reflect.NativeMethodAccessorImpl.invoke0(Native Method)
	at java.base/jdk.internal.reflect.NativeMethodAccessorImpl.invoke(NativeMethodAccessorImpl.java:77)
	at java.base/jdk.internal.reflect.DelegatingMethodAccessorImpl.invoke(DelegatingMethodAccessorImpl.java:43)
	at CheckpointswithDDT.run(CheckpointswithDDT:20)
	at com.kms.katalon.core.main.ScriptEngine.run(ScriptEngine.java:194)
	at com.kms.katalon.core.main.ScriptEngine.runScriptAsRawText(ScriptEngine.java:119)
	at com.kms.katalon.core.main.TestCaseExecutor.runScript(TestCaseExecutor.java:448)
	at com.kms.katalon.core.main.TestCaseExecutor.doExecute(TestCaseExecutor.java:439)
	at com.kms.katalon.core.main.TestCaseExecutor.processExecutionPhase(TestCaseExecutor.java:418)
	at com.kms.katalon.core.main.TestCaseExecutor.accessMainPhase(TestCaseExecutor.java:410)
	at com.kms.katalon.core.main.TestCaseExecutor.execute(TestCaseExecutor.java:285)
	at com.kms.katalon.core.main.TestCaseExecutor.execute(TestCaseExecutor.java:369)
	at com.kms.katalon.core.main.TestCaseExecutor.execute(TestCaseExecutor.java:369)
	at com.kms.katalon.core.main.TestCaseExecutor.execute(TestCaseExecutor.java:369)
	at com.kms.katalon.core.common.CommonExecutor.accessTestCaseMainPhase(CommonExecutor.java:71)
	at com.kms.katalon.core.main.TestSuiteExecutor.accessTestSuiteMainPhase(TestSuiteExecutor.java:160)
	at com.kms.katalon.core.main.TestSuiteExecutor.execute(TestSuiteExecutor.java:107)
	at com.kms.katalon.core.main.TestCaseMain.startTestSuite(TestCaseMain.java:180)
	at TempTestSuite1740243953121.run(TempTestSuite1740243953121.groovy:35)
	at java.base/jdk.internal.reflect.NativeMethodAccessorImpl.invoke0(Native Method)
	at java.base/jdk.internal.reflect.NativeMethodAccessorImpl.invoke(NativeMethodAccessorImpl.java:77)
	at java.base/jdk.internal.reflect.DelegatingMethodAccessorImpl.invoke(DelegatingMethodAccessorImpl.java:43)
)

22-02-2025T22:38:18 - [MESSAGE][FAILED] - Unable to verify Checkpoint 'Checkpoints/CheckpointforMoodle' (Root cause: com.kms.katalon.core.exception.StepFailedException: Checkpoint data and Source data are NOT matched
	at com.kms.katalon.core.keyword.builtin.VerifyCheckpointKeyword$_verifyCheckpoint_closure1.doCall(VerifyCheckpointKeyword.groovy:123)
	at com.kms.katalon.core.keyword.builtin.VerifyCheckpointKeyword$_verifyCheckpoint_closure1.call(VerifyCheckpointKeyword.groovy)
	at com.kms.katalon.core.keyword.internal.KeywordMain.runKeyword(KeywordMain.groovy:75)
	at com.kms.katalon.core.keyword.builtin.VerifyCheckpointKeyword.verifyCheckpoint(VerifyCheckpointKeyword.groovy:125)
	at com.kms.katalon.core.keyword.builtin.VerifyCheckpointKeyword.execute(VerifyCheckpointKeyword.groovy:51)
	at com.kms.katalon.core.keyword.internal.KeywordExecutor.executeKeywordForPlatform(KeywordExecutor.groovy:74)
	at com.kms.katalon.core.keyword.BuiltinKeywords.verifyCheckpoint(BuiltinKeywords.groovy:380)
	at java.base/jdk.internal.reflect.NativeMethodAccessorImpl.invoke0(Native Method)
	at java.base/jdk.internal.reflect.NativeMethodAccessorImpl.invoke(NativeMethodAccessorImpl.java:77)
	at java.base/jdk.internal.reflect.DelegatingMethodAccessorImpl.invoke(DelegatingMethodAccessorImpl.java:43)
	at CheckpointswithDDT.run(CheckpointswithDDT:20)
	at com.kms.katalon.core.main.ScriptEngine.run(ScriptEngine.java:194)
	at com.kms.katalon.core.main.ScriptEngine.runScriptAsRawText(ScriptEngine.java:119)
	at com.kms.katalon.core.main.TestCaseExecutor.runScript(TestCaseExecutor.java:448)
	at com.kms.katalon.core.main.TestCaseExecutor.doExecute(TestCaseExecutor.java:439)
	at com.kms.katalon.core.main.TestCaseExecutor.processExecutionPhase(TestCaseExecutor.java:418)
	at com.kms.katalon.core.main.TestCaseExecutor.accessMainPhase(TestCaseExecutor.java:410)
	at com.kms.katalon.core.main.TestCaseExecutor.execute(TestCaseExecutor.java:285)
	at com.kms.katalon.core.main.TestCaseExecutor.execute(TestCaseExecutor.java:369)
	at com.kms.katalon.core.main.TestCaseExecutor.execute(TestCaseExecutor.java:369)
	at com.kms.katalon.core.main.TestCaseExecutor.execute(TestCaseExecutor.java:369)
	at com.kms.katalon.core.common.CommonExecutor.accessTestCaseMainPhase(CommonExecutor.java:71)
	at com.kms.katalon.core.main.TestSuiteExecutor.accessTestSuiteMainPhase(TestSuiteExecutor.java:160)
	at com.kms.katalon.core.main.TestSuiteExecutor.execute(TestSuiteExecutor.java:107)
	at com.kms.katalon.core.main.TestCaseMain.startTestSuite(TestCaseMain.java:180)
	at TempTestSuite1740243953121.run(TempTestSuite1740243953121.groovy:35)
	at java.base/jdk.internal.reflect.NativeMethodAccessorImpl.invoke0(Native Method)
	at java.base/jdk.internal.reflect.NativeMethodAccessorImpl.invoke(NativeMethodAccessorImpl.java:77)
	at java.base/jdk.internal.reflect.DelegatingMethodAccessorImpl.invoke(DelegatingMethodAccessorImpl.java:43)
)

22-02-2025T22:38:18 - [TEST_STEP][PASSED] - openBrowser(""): Browser is opened with url: ''

22-02-2025T22:38:18 - [MESSAGE][INFO] - Starting 'Chrome' driver

22-02-2025T22:38:18 - [MESSAGE][INFO] - Action delay is set to 0 milliseconds

22-02-2025T22:38:20 - [MESSAGE][PASSED] - Browser is opened with url: ''

22-02-2025T22:38:20 - [TEST_STEP][PASSED] - navigateToUrl("https://sandbox.moodledemo.net/"): Navigate to 'https://sandbox.moodledemo.net/' successfully

22-02-2025T22:38:26 - [MESSAGE][PASSED] - Navigate to 'https://sandbox.moodledemo.net/' successfully

22-02-2025T22:38:26 - [TEST_STEP][PASSED] - click(findTestObject("Object Repository/Checkpointswithdatadriven/Page_Home  Sandbox 4.5/a_Log in")): Object: 'Object Repository/Checkpointswithdatadriven/Page_Home  Sandbox 4.5/a_Log in' is clicked on

22-02-2025T22:38:28 - [MESSAGE][PASSED] - Object: 'Object Repository/Checkpointswithdatadriven/Page_Home  Sandbox 4.5/a_Log in' is clicked on

22-02-2025T22:38:28 - [TEST_STEP][PASSED] - setText(findTestObject("Object Repository/Checkpointswithdatadriven/Page_Log in to the site  Sandbox 4.5/input_Username_username"), username): Text 'manager' is set on object 'Object Repository/Checkpointswithdatadriven/Page_Log in to the site  Sandbox 4.5/input_Username_username'

22-02-2025T22:38:30 - [MESSAGE][PASSED] - Text 'manager' is set on object 'Object Repository/Checkpointswithdatadriven/Page_Log in to the site  Sandbox 4.5/input_Username_username'

22-02-2025T22:38:30 - [TEST_STEP][PASSED] - setText(findTestObject("Object Repository/Checkpointswithdatadriven/Page_Log in to the site  Sandbox 4.5/input_Password_password"), password): Text 'sandbox24' is set on object 'Object Repository/Checkpointswithdatadriven/Page_Log in to the site  Sandbox 4.5/input_Password_password'

22-02-2025T22:38:31 - [MESSAGE][PASSED] - Text 'sandbox24' is set on object 'Object Repository/Checkpointswithdatadriven/Page_Log in to the site  Sandbox 4.5/input_Password_password'

22-02-2025T22:38:31 - [TEST_STEP][PASSED] - click(findTestObject("Object Repository/Checkpointswithdatadriven/Page_Log in to the site  Sandbox 4.5/button_Log in")): Object: 'Object Repository/Checkpointswithdatadriven/Page_Log in to the site  Sandbox 4.5/button_Log in' is clicked on

22-02-2025T22:38:32 - [MESSAGE][PASSED] - Object: 'Object Repository/Checkpointswithdatadriven/Page_Log in to the site  Sandbox 4.5/button_Log in' is clicked on

22-02-2025T22:38:32 - [TEST_STEP][PASSED] - verifyElementText(findTestObject("Object Repository/Checkpointswithdatadriven/Page_Home  Sandbox 4.5/span_AU"), expectedResult): Actual text and expected text of test object 'Object Repository/Checkpointswithdatadriven/Page_Home  Sandbox 4.5/span_AU' are matched.

22-02-2025T22:38:34 - [MESSAGE][PASSED] - Actual text and expected text of test object 'Object Repository/Checkpointswithdatadriven/Page_Home  Sandbox 4.5/span_AU' are matched.

22-02-2025T22:38:34 - [TEST_STEP][PASSED] - click(findTestObject("Object Repository/Checkpointswithdatadriven/Page_Home  Sandbox 4.5/a_AU")): Object: 'Object Repository/Checkpointswithdatadriven/Page_Home  Sandbox 4.5/a_AU' is clicked on

22-02-2025T22:38:34 - [MESSAGE][PASSED] - Object: 'Object Repository/Checkpointswithdatadriven/Page_Home  Sandbox 4.5/a_AU' is clicked on

22-02-2025T22:38:34 - [TEST_STEP][PASSED] - click(findTestObject("Object Repository/Checkpointswithdatadriven/Page_Home  Sandbox 4.5/a_Log out")): Object: 'Object Repository/Checkpointswithdatadriven/Page_Home  Sandbox 4.5/a_Log out' is clicked on

22-02-2025T22:38:36 - [MESSAGE][PASSED] - Object: 'Object Repository/Checkpointswithdatadriven/Page_Home  Sandbox 4.5/a_Log out' is clicked on

22-02-2025T22:38:36 - [TEST_STEP][PASSED] - closeBrowser(): Browser is closed

22-02-2025T22:38:36 - [MESSAGE][PASSED] - Browser is closed

22-02-2025T22:38:36 - [TEST_STEP][PASSED] - Start listener action : sampleAfterTestCase: null

22-02-2025T22:38:36 - [TEST_STEP][PASSED] - println(testCaseContext.getTestCaseId()): null

22-02-2025T22:38:36 - [TEST_STEP][PASSED] - println(testCaseContext.getTestCaseStatus()): null]]></system-out>
         <system-err><![CDATA[22-02-2025T22:38:18 - [TEST_CASE][FAILED] - Test Cases/CheckpointswithDDT: Test Cases/CheckpointswithDDT FAILED.
Reason:
com.kms.katalon.core.exception.StepFailedException: Unable to verify Checkpoint 'Checkpoints/CheckpointforMoodle' (Root cause: com.kms.katalon.core.exception.StepFailedException: Checkpoint data and Source data are NOT matched
	at com.kms.katalon.core.keyword.builtin.VerifyCheckpointKeyword$_verifyCheckpoint_closure1.doCall(VerifyCheckpointKeyword.groovy:123)
	at com.kms.katalon.core.keyword.builtin.VerifyCheckpointKeyword$_verifyCheckpoint_closure1.call(VerifyCheckpointKeyword.groovy)
	at com.kms.katalon.core.keyword.internal.KeywordMain.runKeyword(KeywordMain.groovy:75)
	at com.kms.katalon.core.keyword.builtin.VerifyCheckpointKeyword.verifyCheckpoint(VerifyCheckpointKeyword.groovy:125)
	at com.kms.katalon.core.keyword.builtin.VerifyCheckpointKeyword.execute(VerifyCheckpointKeyword.groovy:51)
	at com.kms.katalon.core.keyword.internal.KeywordExecutor.executeKeywordForPlatform(KeywordExecutor.groovy:74)
	at com.kms.katalon.core.keyword.BuiltinKeywords.verifyCheckpoint(BuiltinKeywords.groovy:380)
	at java.base/jdk.internal.reflect.NativeMethodAccessorImpl.invoke0(Native Method)
	at java.base/jdk.internal.reflect.NativeMethodAccessorImpl.invoke(NativeMethodAccessorImpl.java:77)
	at java.base/jdk.internal.reflect.DelegatingMethodAccessorImpl.invoke(DelegatingMethodAccessorImpl.java:43)
	at CheckpointswithDDT.run(CheckpointswithDDT:20)
	at com.kms.katalon.core.main.ScriptEngine.run(ScriptEngine.java:194)
	at com.kms.katalon.core.main.ScriptEngine.runScriptAsRawText(ScriptEngine.java:119)
	at com.kms.katalon.core.main.TestCaseExecutor.runScript(TestCaseExecutor.java:448)
	at com.kms.katalon.core.main.TestCaseExecutor.doExecute(TestCaseExecutor.java:439)
	at com.kms.katalon.core.main.TestCaseExecutor.processExecutionPhase(TestCaseExecutor.java:418)
	at com.kms.katalon.core.main.TestCaseExecutor.accessMainPhase(TestCaseExecutor.java:410)
	at com.kms.katalon.core.main.TestCaseExecutor.execute(TestCaseExecutor.java:285)
	at com.kms.katalon.core.main.TestCaseExecutor.execute(TestCaseExecutor.java:369)
	at com.kms.katalon.core.main.TestCaseExecutor.execute(TestCaseExecutor.java:369)
	at com.kms.katalon.core.main.TestCaseExecutor.execute(TestCaseExecutor.java:369)
	at com.kms.katalon.core.common.CommonExecutor.accessTestCaseMainPhase(CommonExecutor.java:71)
	at com.kms.katalon.core.main.TestSuiteExecutor.accessTestSuiteMainPhase(TestSuiteExecutor.java:160)
	at com.kms.katalon.core.main.TestSuiteExecutor.execute(TestSuiteExecutor.java:107)
	at com.kms.katalon.core.main.TestCaseMain.startTestSuite(TestCaseMain.java:180)
	at TempTestSuite1740243953121.run(TempTestSuite1740243953121.groovy:35)
	at java.base/jdk.internal.reflect.NativeMethodAccessorImpl.invoke0(Native Method)
	at java.base/jdk.internal.reflect.NativeMethodAccessorImpl.invoke(NativeMethodAccessorImpl.java:77)
	at java.base/jdk.internal.reflect.DelegatingMethodAccessorImpl.invoke(DelegatingMethodAccessorImpl.java:43)
)
	at com.kms.katalon.core.keyword.internal.KeywordMain.stepFailed(KeywordMain.groovy:39)
	at com.kms.katalon.core.keyword.internal.KeywordMain.stepFailed(KeywordMain.groovy)
	at com.kms.katalon.core.keyword.internal.KeywordMain.runKeyword(KeywordMain.groovy:77)
	at com.kms.katalon.core.keyword.builtin.VerifyCheckpointKeyword.verifyCheckpoint(VerifyCheckpointKeyword.groovy:125)
	at com.kms.katalon.core.keyword.builtin.VerifyCheckpointKeyword.execute(VerifyCheckpointKeyword.groovy:51)
	at com.kms.katalon.core.keyword.internal.KeywordExecutor.executeKeywordForPlatform(KeywordExecutor.groovy:74)
	at com.kms.katalon.core.keyword.BuiltinKeywords.verifyCheckpoint(BuiltinKeywords.groovy:380)
	at java.base/jdk.internal.reflect.NativeMethodAccessorImpl.invoke0(Native Method)
	at java.base/jdk.internal.reflect.NativeMethodAccessorImpl.invoke(NativeMethodAccessorImpl.java:77)
	at java.base/jdk.internal.reflect.DelegatingMethodAccessorImpl.invoke(DelegatingMethodAccessorImpl.java:43)
	at CheckpointswithDDT.run(CheckpointswithDDT:20)
	at com.kms.katalon.core.main.ScriptEngine.run(ScriptEngine.java:194)
	at com.kms.katalon.core.main.ScriptEngine.runScriptAsRawText(ScriptEngine.java:119)
	at com.kms.katalon.core.main.TestCaseExecutor.runScript(TestCaseExecutor.java:448)
	at com.kms.katalon.core.main.TestCaseExecutor.doExecute(TestCaseExecutor.java:439)
	at com.kms.katalon.core.main.TestCaseExecutor.processExecutionPhase(TestCaseExecutor.java:418)
	at com.kms.katalon.core.main.TestCaseExecutor.accessMainPhase(TestCaseExecutor.java:410)
	at com.kms.katalon.core.main.TestCaseExecutor.execute(TestCaseExecutor.java:285)
	at com.kms.katalon.core.main.TestCaseExecutor.execute(TestCaseExecutor.java:369)
	at com.kms.katalon.core.main.TestCaseExecutor.execute(TestCaseExecutor.java:369)
	at com.kms.katalon.core.main.TestCaseExecutor.execute(TestCaseExecutor.java:369)
	at com.kms.katalon.core.common.CommonExecutor.accessTestCaseMainPhase(CommonExecutor.java:71)
	at com.kms.katalon.core.main.TestSuiteExecutor.accessTestSuiteMainPhase(TestSuiteExecutor.java:160)
	at com.kms.katalon.core.main.TestSuiteExecutor.execute(TestSuiteExecutor.java:107)
	at com.kms.katalon.core.main.TestCaseMain.startTestSuite(TestCaseMain.java:180)
	at TempTestSuite1740243953121.run(TempTestSuite1740243953121.groovy:35)
	at java.base/jdk.internal.reflect.NativeMethodAccessorImpl.invoke0(Native Method)
	at java.base/jdk.internal.reflect.NativeMethodAccessorImpl.invoke(NativeMethodAccessorImpl.java:77)
	at java.base/jdk.internal.reflect.DelegatingMethodAccessorImpl.invoke(DelegatingMethodAccessorImpl.java:43)
Caused by: com.kms.katalon.core.exception.StepFailedException: Checkpoint data and Source data are NOT matched
	at com.kms.katalon.core.keyword.builtin.VerifyCheckpointKeyword$_verifyCheckpoint_closure1.doCall(VerifyCheckpointKeyword.groovy:123)
	at com.kms.katalon.core.keyword.builtin.VerifyCheckpointKeyword$_verifyCheckpoint_closure1.call(VerifyCheckpointKeyword.groovy)
	at com.kms.katalon.core.keyword.internal.KeywordMain.runKeyword(KeywordMain.groovy:75)
	... 26 more]]></system-err>
      </testcase>
      <testcase name="Test Cases/CheckpointswithDDT" time="48.309" classname="Test Cases/CheckpointswithDDT" status="FAILED">
         <properties>
            <property name="data_binding"><![CDATA[{"password":"sandbox24","expectedResult":"TT","username":"teacher"}]]></property>
         </properties>
         <failure type="FAILED" message="Test Cases/CheckpointswithDDT FAILED.&#xa;Reason:&#xa;com.kms.katalon.core.exception.StepFailedException: Unable to verify Checkpoint 'Checkpoints/CheckpointforMoodle' (Root cause: com.kms.katalon.core.exception.StepFailedException: Checkpoint data and Source data are NOT matched&#xa;	at com.kms.katalon.core.keyword.builtin.VerifyCheckpointKeyword$_verifyCheckpoint_closure1.doCall(VerifyCheckpointKeyword.groovy:123)&#xa;	at com.kms.katalon.core.keyword.builtin.VerifyCheckpointKeyword$_verifyCheckpoint_closure1.call(VerifyCheckpointKeyword.groovy)&#xa;	at com.kms.katalon.core.keyword.internal.KeywordMain.runKeyword(KeywordMain.groovy:75)&#xa;	at com.kms.katalon.core.keyword.builtin.VerifyCheckpointKeyword.verifyCheckpoint(VerifyCheckpointKeyword.groovy:125)&#xa;	at com.kms.katalon.core.keyword.builtin.VerifyCheckpointKeyword.execute(VerifyCheckpointKeyword.groovy:51)&#xa;	at com.kms.katalon.core.keyword.internal.KeywordExecutor.executeKeywordForPlatform(KeywordExecutor.groovy:74)&#xa;	at com.kms.katalon.core.keyword.BuiltinKeywords.verifyCheckpoint(BuiltinKeywords.groovy:380)&#xa;	at java.base/jdk.internal.reflect.NativeMethodAccessorImpl.invoke0(Native Method)&#xa;	at java.base/jdk.internal.reflect.NativeMethodAccessorImpl.invoke(NativeMethodAccessorImpl.java:77)&#xa;	at java.base/jdk.internal.reflect.DelegatingMethodAccessorImpl.invoke(DelegatingMethodAccessorImpl.java:43)&#xa;	at CheckpointswithDDT.run(CheckpointswithDDT:20)&#xa;	at com.kms.katalon.core.main.ScriptEngine.run(ScriptEngine.java:194)&#xa;	at com.kms.katalon.core.main.ScriptEngine.runScriptAsRawText(ScriptEngine.java:119)&#xa;	at com.kms.katalon.core.main.TestCaseExecutor.runScript(TestCaseExecutor.java:448)&#xa;	at com.kms.katalon.core.main.TestCaseExecutor.doExecute(TestCaseExecutor.java:439)&#xa;	at com.kms.katalon.core.main.TestCaseExecutor.processExecutionPhase(TestCaseExecutor.java:418)&#xa;	at com.kms.katalon.core.main.TestCaseExecutor.accessMainPhase(TestCaseExecutor.java:410)&#xa;	at com.kms.katalon.core.main.TestCaseExecutor.execute(TestCaseExecutor.java:285)&#xa;	at com.kms.katalon.core.main.TestCaseExecutor.execute(TestCaseExecutor.java:369)&#xa;	at com.kms.katalon.core.main.TestCaseExecutor.execute(TestCaseExecutor.java:369)&#xa;	at com.kms.katalon.core.main.TestCaseExecutor.execute(TestCaseExecutor.java:369)&#xa;	at com.kms.katalon.core.common.CommonExecutor.accessTestCaseMainPhase(CommonExecutor.java:71)&#xa;	at com.kms.katalon.core.main.TestSuiteExecutor.accessTestSuiteMainPhase(TestSuiteExecutor.java:160)&#xa;	at com.kms.katalon.core.main.TestSuiteExecutor.execute(TestSuiteExecutor.java:107)&#xa;	at com.kms.katalon.core.main.TestCaseMain.startTestSuite(TestCaseMain.java:180)&#xa;	at TempTestSuite1740243953121.run(TempTestSuite1740243953121.groovy:35)&#xa;	at java.base/jdk.internal.reflect.NativeMethodAccessorImpl.invoke0(Native Method)&#xa;	at java.base/jdk.internal.reflect.NativeMethodAccessorImpl.invoke(NativeMethodAccessorImpl.java:77)&#xa;	at java.base/jdk.internal.reflect.DelegatingMethodAccessorImpl.invoke(DelegatingMethodAccessorImpl.java:43)&#xa;)&#xa;	at com.kms.katalon.core.keyword.internal.KeywordMain.stepFailed(KeywordMain.groovy:39)&#xa;	at com.kms.katalon.core.keyword.internal.KeywordMain.stepFailed(KeywordMain.groovy)&#xa;	at com.kms.katalon.core.keyword.internal.KeywordMain.runKeyword(KeywordMain.groovy:77)&#xa;	at com.kms.katalon.core.keyword.builtin.VerifyCheckpointKeyword.verifyCheckpoint(VerifyCheckpointKeyword.groovy:125)&#xa;	at com.kms.katalon.core.keyword.builtin.VerifyCheckpointKeyword.execute(VerifyCheckpointKeyword.groovy:51)&#xa;	at com.kms.katalon.core.keyword.internal.KeywordExecutor.executeKeywordForPlatform(KeywordExecutor.groovy:74)&#xa;	at com.kms.katalon.core.keyword.BuiltinKeywords.verifyCheckpoint(BuiltinKeywords.groovy:380)&#xa;	at java.base/jdk.internal.reflect.NativeMethodAccessorImpl.invoke0(Native Method)&#xa;	at java.base/jdk.internal.reflect.NativeMethodAccessorImpl.invoke(NativeMethodAccessorImpl.java:77)&#xa;	at java.base/jdk.internal.reflect.DelegatingMethodAccessorImpl.invoke(DelegatingMethodAccessorImpl.java:43)&#xa;	at CheckpointswithDDT.run(CheckpointswithDDT:20)&#xa;	at com.kms.katalon.core.main.ScriptEngine.run(ScriptEngine.java:194)&#xa;	at com.kms.katalon.core.main.ScriptEngine.runScriptAsRawText(ScriptEngine.java:119)&#xa;	at com.kms.katalon.core.main.TestCaseExecutor.runScript(TestCaseExecutor.java:448)&#xa;	at com.kms.katalon.core.main.TestCaseExecutor.doExecute(TestCaseExecutor.java:439)&#xa;	at com.kms.katalon.core.main.TestCaseExecutor.processExecutionPhase(TestCaseExecutor.java:418)&#xa;	at com.kms.katalon.core.main.TestCaseExecutor.accessMainPhase(TestCaseExecutor.java:410)&#xa;	at com.kms.katalon.core.main.TestCaseExecutor.execute(TestCaseExecutor.java:285)&#xa;	at com.kms.katalon.core.main.TestCaseExecutor.execute(TestCaseExecutor.java:369)&#xa;	at com.kms.katalon.core.main.TestCaseExecutor.execute(TestCaseExecutor.java:369)&#xa;	at com.kms.katalon.core.main.TestCaseExecutor.execute(TestCaseExecutor.java:369)&#xa;	at com.kms.katalon.core.common.CommonExecutor.accessTestCaseMainPhase(CommonExecutor.java:71)&#xa;	at com.kms.katalon.core.main.TestSuiteExecutor.accessTestSuiteMainPhase(TestSuiteExecutor.java:160)&#xa;	at com.kms.katalon.core.main.TestSuiteExecutor.execute(TestSuiteExecutor.java:107)&#xa;	at com.kms.katalon.core.main.TestCaseMain.startTestSuite(TestCaseMain.java:180)&#xa;	at TempTestSuite1740243953121.run(TempTestSuite1740243953121.groovy:35)&#xa;	at java.base/jdk.internal.reflect.NativeMethodAccessorImpl.invoke0(Native Method)&#xa;	at java.base/jdk.internal.reflect.NativeMethodAccessorImpl.invoke(NativeMethodAccessorImpl.java:77)&#xa;	at java.base/jdk.internal.reflect.DelegatingMethodAccessorImpl.invoke(DelegatingMethodAccessorImpl.java:43)&#xa;Caused by: com.kms.katalon.core.exception.StepFailedException: Checkpoint data and Source data are NOT matched&#xa;	at com.kms.katalon.core.keyword.builtin.VerifyCheckpointKeyword$_verifyCheckpoint_closure1.doCall(VerifyCheckpointKeyword.groovy:123)&#xa;	at com.kms.katalon.core.keyword.builtin.VerifyCheckpointKeyword$_verifyCheckpoint_closure1.call(VerifyCheckpointKeyword.groovy)&#xa;	at com.kms.katalon.core.keyword.internal.KeywordMain.runKeyword(KeywordMain.groovy:75)&#xa;	... 26 more&#xa;"/>
         <system-out><![CDATA[22-02-2025T22:41:03 - [TEST_CASE][FAILED] - Test Cases/CheckpointswithDDT: Test Cases/CheckpointswithDDT FAILED.
Reason:
com.kms.katalon.core.exception.StepFailedException: Unable to verify Checkpoint 'Checkpoints/CheckpointforMoodle' (Root cause: com.kms.katalon.core.exception.StepFailedException: Checkpoint data and Source data are NOT matched
	at com.kms.katalon.core.keyword.builtin.VerifyCheckpointKeyword$_verifyCheckpoint_closure1.doCall(VerifyCheckpointKeyword.groovy:123)
	at com.kms.katalon.core.keyword.builtin.VerifyCheckpointKeyword$_verifyCheckpoint_closure1.call(VerifyCheckpointKeyword.groovy)
	at com.kms.katalon.core.keyword.internal.KeywordMain.runKeyword(KeywordMain.groovy:75)
	at com.kms.katalon.core.keyword.builtin.VerifyCheckpointKeyword.verifyCheckpoint(VerifyCheckpointKeyword.groovy:125)
	at com.kms.katalon.core.keyword.builtin.VerifyCheckpointKeyword.execute(VerifyCheckpointKeyword.groovy:51)
	at com.kms.katalon.core.keyword.internal.KeywordExecutor.executeKeywordForPlatform(KeywordExecutor.groovy:74)
	at com.kms.katalon.core.keyword.BuiltinKeywords.verifyCheckpoint(BuiltinKeywords.groovy:380)
	at java.base/jdk.internal.reflect.NativeMethodAccessorImpl.invoke0(Native Method)
	at java.base/jdk.internal.reflect.NativeMethodAccessorImpl.invoke(NativeMethodAccessorImpl.java:77)
	at java.base/jdk.internal.reflect.DelegatingMethodAccessorImpl.invoke(DelegatingMethodAccessorImpl.java:43)
	at CheckpointswithDDT.run(CheckpointswithDDT:20)
	at com.kms.katalon.core.main.ScriptEngine.run(ScriptEngine.java:194)
	at com.kms.katalon.core.main.ScriptEngine.runScriptAsRawText(ScriptEngine.java:119)
	at com.kms.katalon.core.main.TestCaseExecutor.runScript(TestCaseExecutor.java:448)
	at com.kms.katalon.core.main.TestCaseExecutor.doExecute(TestCaseExecutor.java:439)
	at com.kms.katalon.core.main.TestCaseExecutor.processExecutionPhase(TestCaseExecutor.java:418)
	at com.kms.katalon.core.main.TestCaseExecutor.accessMainPhase(TestCaseExecutor.java:410)
	at com.kms.katalon.core.main.TestCaseExecutor.execute(TestCaseExecutor.java:285)
	at com.kms.katalon.core.main.TestCaseExecutor.execute(TestCaseExecutor.java:369)
	at com.kms.katalon.core.main.TestCaseExecutor.execute(TestCaseExecutor.java:369)
	at com.kms.katalon.core.main.TestCaseExecutor.execute(TestCaseExecutor.java:369)
	at com.kms.katalon.core.common.CommonExecutor.accessTestCaseMainPhase(CommonExecutor.java:71)
	at com.kms.katalon.core.main.TestSuiteExecutor.accessTestSuiteMainPhase(TestSuiteExecutor.java:160)
	at com.kms.katalon.core.main.TestSuiteExecutor.execute(TestSuiteExecutor.java:107)
	at com.kms.katalon.core.main.TestCaseMain.startTestSuite(TestCaseMain.java:180)
	at TempTestSuite1740243953121.run(TempTestSuite1740243953121.groovy:35)
	at java.base/jdk.internal.reflect.NativeMethodAccessorImpl.invoke0(Native Method)
	at java.base/jdk.internal.reflect.NativeMethodAccessorImpl.invoke(NativeMethodAccessorImpl.java:77)
	at java.base/jdk.internal.reflect.DelegatingMethodAccessorImpl.invoke(DelegatingMethodAccessorImpl.java:43)
)
	at com.kms.katalon.core.keyword.internal.KeywordMain.stepFailed(KeywordMain.groovy:39)
	at com.kms.katalon.core.keyword.internal.KeywordMain.stepFailed(KeywordMain.groovy)
	at com.kms.katalon.core.keyword.internal.KeywordMain.runKeyword(KeywordMain.groovy:77)
	at com.kms.katalon.core.keyword.builtin.VerifyCheckpointKeyword.verifyCheckpoint(VerifyCheckpointKeyword.groovy:125)
	at com.kms.katalon.core.keyword.builtin.VerifyCheckpointKeyword.execute(VerifyCheckpointKeyword.groovy:51)
	at com.kms.katalon.core.keyword.internal.KeywordExecutor.executeKeywordForPlatform(KeywordExecutor.groovy:74)
	at com.kms.katalon.core.keyword.BuiltinKeywords.verifyCheckpoint(BuiltinKeywords.groovy:380)
	at java.base/jdk.internal.reflect.NativeMethodAccessorImpl.invoke0(Native Method)
	at java.base/jdk.internal.reflect.NativeMethodAccessorImpl.invoke(NativeMethodAccessorImpl.java:77)
	at java.base/jdk.internal.reflect.DelegatingMethodAccessorImpl.invoke(DelegatingMethodAccessorImpl.java:43)
	at CheckpointswithDDT.run(CheckpointswithDDT:20)
	at com.kms.katalon.core.main.ScriptEngine.run(ScriptEngine.java:194)
	at com.kms.katalon.core.main.ScriptEngine.runScriptAsRawText(ScriptEngine.java:119)
	at com.kms.katalon.core.main.TestCaseExecutor.runScript(TestCaseExecutor.java:448)
	at com.kms.katalon.core.main.TestCaseExecutor.doExecute(TestCaseExecutor.java:439)
	at com.kms.katalon.core.main.TestCaseExecutor.processExecutionPhase(TestCaseExecutor.java:418)
	at com.kms.katalon.core.main.TestCaseExecutor.accessMainPhase(TestCaseExecutor.java:410)
	at com.kms.katalon.core.main.TestCaseExecutor.execute(TestCaseExecutor.java:285)
	at com.kms.katalon.core.main.TestCaseExecutor.execute(TestCaseExecutor.java:369)
	at com.kms.katalon.core.main.TestCaseExecutor.execute(TestCaseExecutor.java:369)
	at com.kms.katalon.core.main.TestCaseExecutor.execute(TestCaseExecutor.java:369)
	at com.kms.katalon.core.common.CommonExecutor.accessTestCaseMainPhase(CommonExecutor.java:71)
	at com.kms.katalon.core.main.TestSuiteExecutor.accessTestSuiteMainPhase(TestSuiteExecutor.java:160)
	at com.kms.katalon.core.main.TestSuiteExecutor.execute(TestSuiteExecutor.java:107)
	at com.kms.katalon.core.main.TestCaseMain.startTestSuite(TestCaseMain.java:180)
	at TempTestSuite1740243953121.run(TempTestSuite1740243953121.groovy:35)
	at java.base/jdk.internal.reflect.NativeMethodAccessorImpl.invoke0(Native Method)
	at java.base/jdk.internal.reflect.NativeMethodAccessorImpl.invoke(NativeMethodAccessorImpl.java:77)
	at java.base/jdk.internal.reflect.DelegatingMethodAccessorImpl.invoke(DelegatingMethodAccessorImpl.java:43)
Caused by: com.kms.katalon.core.exception.StepFailedException: Checkpoint data and Source data are NOT matched
	at com.kms.katalon.core.keyword.builtin.VerifyCheckpointKeyword$_verifyCheckpoint_closure1.doCall(VerifyCheckpointKeyword.groovy:123)
	at com.kms.katalon.core.keyword.builtin.VerifyCheckpointKeyword$_verifyCheckpoint_closure1.call(VerifyCheckpointKeyword.groovy)
	at com.kms.katalon.core.keyword.internal.KeywordMain.runKeyword(KeywordMain.groovy:75)
	... 26 more


22-02-2025T22:41:03 - [TEST_STEP][PASSED] - Start listener action : sampleBeforeTestCase: null

22-02-2025T22:41:03 - [TEST_STEP][PASSED] - println(testCaseContext.getTestCaseId()): null

22-02-2025T22:41:03 - [TEST_STEP][PASSED] - println(testCaseContext.getTestCaseVariables()): null

22-02-2025T22:41:03 - [TEST_STEP][FAILED] - verifyCheckpoint(findCheckpoint("Checkpoints/CheckpointforMoodle"), false): Unable to verify Checkpoint 'Checkpoints/CheckpointforMoodle' (Root cause: com.kms.katalon.core.exception.StepFailedException: Checkpoint data and Source data are NOT matched
	at com.kms.katalon.core.keyword.builtin.VerifyCheckpointKeyword$_verifyCheckpoint_closure1.doCall(VerifyCheckpointKeyword.groovy:123)
	at com.kms.katalon.core.keyword.builtin.VerifyCheckpointKeyword$_verifyCheckpoint_closure1.call(VerifyCheckpointKeyword.groovy)
[...]
	at org.openqa.selenium.support.decorators.WebDriverDecorator.lambda$createProxy$2(WebDriverDecorator.java:321)
	at org.openqa.selenium.remote.RemoteWebDriver$ByteBuddy$CN8Hed73.findElements(Unknown Source)
	at com.kms.katalon.core.webui.common.WebUiCommonHelper.findElementByNormalMethods(WebUiCommonHelper.java:1063)
	at com.kms.katalon.core.webui.common.WebUiCommonHelper.findElementsBySelectedMethod(WebUiCommonHelper.java:954)
	at com.kms.katalon.core.webui.common.WebUiCommonHelper.findElementsBySelectedMethod(WebUiCommonHelper.java:936)
	at com.kms.katalon.core.webui.common.WebUiCommonHelper.findElementsBySelectedMethod(WebUiCommonHelper.java:931)
	at com.kms.katalon.core.webui.common.WebUiCommonHelper.findElementsByDefault(WebUiCommonHelper.java:927)
	at com.kms.katalon.core.webui.common.WebUiCommonHelper.findElementsWithSelfHealing(WebUiCommonHelper.java:773)
	at com.kms.katalon.core.webui.common.WebUiCommonHelper.findWebElements(WebUiCommonHelper.java:757)
	at com.kms.katalon.core.webui.common.WebUiCommonHelper.findWebElement(WebUiCommonHelper.java:1447)
	at com.kms.katalon.core.webui.keyword.internal.WebUIAbstractKeyword.findWebElement(WebUIAbstractKeyword.groovy:27)
	at com.kms.katalon.core.webui.keyword.builtin.ClickKeyword$_click_closure1.doCall(ClickKeyword.groovy:66)
	at com.kms.katalon.core.webui.keyword.builtin.ClickKeyword$_click_closure1.call(ClickKeyword.groovy)
	at com.kms.katalon.core.webui.keyword.internal.WebUIKeywordMain.runKeyword(WebUIKeywordMain.groovy:35)
	at com.kms.katalon.core.webui.keyword.builtin.ClickKeyword.click(ClickKeyword.groovy:75)
	at com.kms.katalon.core.webui.keyword.builtin.ClickKeyword.execute(ClickKeyword.groovy:40)
	at com.kms.katalon.core.keyword.internal.KeywordExecutor.executeKeywordForPlatform(KeywordExecutor.groovy:74)
	at com.kms.katalon.core.webui.keyword.WebUiBuiltInKeywords.click(WebUiBuiltInKeywords.groovy:696)
	at Script1740242224066.run(Script1740242224066.groovy:40)
	... 18 more
)

22-02-2025T22:44:30 - [TEST_STEP][PASSED] - closeBrowser(): Browser is closed

22-02-2025T22:44:30 - [MESSAGE][PASSED] - Browser is closed

22-02-2025T22:44:30 - [TEST_STEP][PASSED] - Start listener action : sampleAfterTestCase: null

22-02-2025T22:44:30 - [TEST_STEP][PASSED] - println(testCaseContext.getTestCaseId()): null

22-02-2025T22:44:30 - [TEST_STEP][PASSED] - println(testCaseContext.getTestCaseStatus()): null]]></system-out>
         <system-err><![CDATA[22-02-2025T22:44:15 - [TEST_CASE][FAILED] - Test Cases/CheckpointswithDDT: Test Cases/CheckpointswithDDT FAILED.
Reason:
com.kms.katalon.core.exception.StepFailedException: Unable to verify Checkpoint 'Checkpoints/CheckpointforMoodle' (Root cause: com.kms.katalon.core.exception.StepFailedException: Checkpoint data and Source data are NOT matched
	at com.kms.katalon.core.keyword.builtin.VerifyCheckpointKeyword$_verifyCheckpoint_closure1.doCall(VerifyCheckpointKeyword.groovy:123)
	at com.kms.katalon.core.keyword.builtin.VerifyCheckpointKeyword$_verifyCheckpoint_closure1.call(VerifyCheckpointKeyword.groovy)
	at com.kms.katalon.core.keyword.internal.KeywordMain.runKeyword(KeywordMain.groovy:75)
	at com.kms.katalon.core.keyword.builtin.VerifyCheckpointKeyword.verifyCheckpoint(VerifyCheckpointKeyword.groovy:125)
	at com.kms.katalon.core.keyword.builtin.VerifyCheckpointKeyword.execute(VerifyCheckpointKeyword.groovy:51)
	at com.kms.katalon.core.keyword.internal.KeywordExecutor.executeKeywordForPlatform(KeywordExecutor.groovy:74)
	at com.kms.katalon.core.keyword.BuiltinKeywords.verifyCheckpoint(BuiltinKeywords.groovy:380)
	at java.base/jdk.internal.reflect.NativeMethodAccessorImpl.invoke0(Native Method)
	at java.base/jdk.internal.reflect.NativeMethodAccessorImpl.invoke(NativeMethodAccessorImpl.java:77)
	at java.base/jdk.internal.reflect.DelegatingMethodAccessorImpl.invoke(DelegatingMethodAccessorImpl.java:43)
	at CheckpointswithDDT.run(CheckpointswithDDT:20)
	at com.kms.katalon.core.main.ScriptEngine.run(ScriptEngine.java:194)
	at com.kms.katalon.core.main.ScriptEngine.runScriptAsRawText(ScriptEngine.java:119)
	at com.kms.katalon.core.main.TestCaseExecutor.runScript(TestCaseExecutor.java:448)
	at com.kms.katalon.core.main.TestCaseExecutor.doExecute(TestCaseExecutor.java:439)
	at com.kms.katalon.core.main.TestCaseExecutor.processExecutionPhase(TestCaseExecutor.java:418)
	at com.kms.katalon.core.main.TestCaseExecutor.accessMainPhase(TestCaseExecutor.java:410)
	at com.kms.katalon.core.main.TestCaseExecutor.execute(TestCaseExecutor.java:285)
	at com.kms.katalon.core.main.TestCaseExecutor.execute(TestCaseExecutor.java:369)
	at com.kms.katalon.core.main.TestCaseExecutor.execute(TestCaseExecutor.java:369)
	at com.kms.katalon.core.main.TestCaseExecutor.execute(TestCaseExecutor.java:369)
	at com.kms.katalon.core.common.CommonExecutor.accessTestCaseMainPhase(CommonExecutor.java:71)
	at com.kms.katalon.core.main.TestSuiteExecutor.accessTestSuiteMainPhase(TestSuiteExecutor.java:160)
	at com.kms.katalon.core.main.TestSuiteExecutor.execute(TestSuiteExecutor.java:107)
	at com.kms.katalon.core.main.TestCaseMain.startTestSuite(TestCaseMain.java:180)
	at TempTestSuite1740243953121.run(TempTestSuite1740243953121.groovy:35)
	at java.base/jdk.internal.reflect.NativeMethodAccessorImpl.invoke0(Native Method)
	at java.base/jdk.internal.reflect.NativeMethodAccessorImpl.invoke(NativeMethodAccessorImpl.java:77)
	at java.base/jdk.internal.reflect.DelegatingMethodAccessorImpl.invoke(DelegatingMethodAccessorImpl.java:43)
)
	at com.kms.katalon.core.keyword.internal.KeywordMain.stepFailed(KeywordMain.groovy:39)
	at com.kms.katalon.core.keyword.internal.KeywordMain.stepFailed(KeywordMain.groovy)
	at com.kms.katalon.core.keyword.internal.KeywordMain.runKeyword(KeywordMain.groovy:77)
	at com.kms.katalon.core.keyword.builtin.VerifyCheckpointKeyword.verifyCheckpoint(VerifyCheckpointKeyword.groovy:125)
	at com.kms.katalon.core.keyword.builtin.VerifyCheckpointKeyword.execute(VerifyCheckpointKeyword.groovy:51)
	at com.kms.katalon.core.keyword.internal.KeywordExecutor.executeKeywordForPlatform(KeywordExecutor.groovy:74)
	at com.kms.katalon.core.keyword.BuiltinKeywords.verifyCheckpoint(BuiltinKeywords.groovy:380)
	at java.base/jdk.internal.reflect.NativeMethodAccessorImpl.invoke0(Native Method)
	at java.base/jdk.internal.reflect.NativeMethodAccessorImpl.invoke(NativeMethodAccessorImpl.java:77)
	at java.base/jdk.internal.reflect.DelegatingMethodAccessorImpl.invoke(DelegatingMethodAccessorImpl.java:43)
	at CheckpointswithDDT.run(CheckpointswithDDT:20)
	at com.kms.katalon.core.main.ScriptEngine.run(ScriptEngine.java:194)
	at com.kms.katalon.core.main.ScriptEngine.runScriptAsRawText(ScriptEngine.java:119)
	at com.kms.katalon.core.main.TestCaseExecutor.runScript(TestCaseExecutor.java:448)
	at com.kms.katalon.core.main.TestCaseExecutor.doExecute(TestCaseExecutor.java:439)
	at com.kms.katalon.core.main.TestCaseExecutor.processExecutionPhase(TestCaseExecutor.java:418)
	at com.kms.katalon.core.main.TestCaseExecutor.accessMainPhase(TestCaseExecutor.java:410)
	at com.kms.katalon.core.main.TestCaseExecutor.execute(TestCaseExecutor.java:285)
	at com.kms.katalon.core.main.TestCaseExecutor.execute(TestCaseExecutor.java:369)
	at com.kms.katalon.core.main.TestCaseExecutor.execute(TestCaseExecutor.java:369)
	at com.kms.katalon.core.main.TestCaseExecutor.execute(TestCaseExecutor.java:369)
	at com.kms.katalon.core.common.CommonExecutor.accessTestCaseMainPhase(CommonExecutor.java:71)
	at com.kms.katalon.core.main.TestSuiteExecutor.accessTestSuiteMainPhase(TestSuiteExecutor.java:160)
	at com.kms.katalon.core.main.TestSuiteExecutor.execute(TestSuiteExecutor.java:107)
	at com.kms.katalon.core.main.TestCaseMain.startTestSuite(TestCaseMain.java:180)
	at TempTestSuite1740243953121.run(TempTestSuite1740243953121.groovy:35)
	at java.base/jdk.internal.reflect.NativeMethodAccessorImpl.invoke0(Native Method)
	at java.base/jdk.internal.reflect.NativeMethodAccessorImpl.invoke(NativeMethodAccessorImpl.java:77)
	at java.base/jdk.internal.reflect.DelegatingMethodAccessorImpl.invoke(DelegatingMethodAccessorImpl.java:43)
Caused by: com.kms.katalon.core.exception.StepFailedException: Checkpoint data and Source data are NOT matched
	at com.kms.katalon.core.keyword.builtin.VerifyCheckpointKeyword$_verifyCheckpoint_closure1.doCall(VerifyCheckpointKeyword.groovy:123)
	at com.kms.katalon.core.keyword.builtin.VerifyCheckpointKeyword$_verifyCheckpoint_closure1.call(VerifyCheckpointKeyword.groovy)
	at com.kms.katalon.core.keyword.internal.KeywordMain.runKeyword(KeywordMain.groovy:75)
	... 26 more]]></system-err>
      </testcase>
      <system-out><![CDATA[22-02-2025T22:36:00 - [TEST_SUITE][FAILED] - DDT with Moodle: Test Cases/CheckpointswithDDT FAILED.
Reason:
com.kms.katalon.core.exception.StepFailedException: Unable to verify Checkpoint 'Checkpoints/CheckpointforMoodle' (Root cause: com.kms.katalon.core.exception.StepFailedException: Checkpoint data and Source data are NOT matched
	at com.kms.katalon.core.keyword.builtin.VerifyCheckpointKeyword$_verifyCheckpoint_closure1.doCall(VerifyCheckpointKeyword.groovy:123)
	at com.kms.katalon.core.keyword.builtin.VerifyCheckpointKeyword$_verifyCheckpoint_closure1.call(VerifyCheckpointKeyword.groovy)
	at com.kms.katalon.core.keyword.internal.KeywordMain.runKeyword(KeywordMain.groovy:75)
	at com.kms.katalon.core.keyword.builtin.VerifyCheckpointKeyword.verifyCheckpoint(VerifyCheckpointKeyword.groovy:125)
	at com.kms.katalon.core.keyword.builtin.VerifyCheckpointKeyword.execute(VerifyCheckpointKeyword.groovy:51)
	at com.kms.katalon.core.keyword.internal.KeywordExecutor.executeKeywordForPlatform(KeywordExecutor.groovy:74)
	at com.kms.katalon.core.keyword.BuiltinKeywords.verifyCheckpoint(BuiltinKeywords.groovy:380)
	at java.base/jdk.internal.reflect.NativeMethodAccessorImpl.invoke0(Native Method)
	at java.base/jdk.internal.reflect.NativeMethodAccessorImpl.invoke(NativeMethodAccessorImpl.java:77)
	at java.base/jdk.internal.reflect.DelegatingMethodAccessorImpl.invoke(DelegatingMethodAccessorImpl.java:43)
	at CheckpointswithDDT.run(CheckpointswithDDT:20)
	at com.kms.katalon.core.main.ScriptEngine.run(ScriptEngine.java:194)
	at com.kms.katalon.core.main.ScriptEngine.runScriptAsRawText(ScriptEngine.java:119)
	at com.kms.katalon.core.main.TestCaseExecutor.runScript(TestCaseExecutor.java:448)
	at com.kms.katalon.core.main.TestCaseExecutor.doExecute(TestCaseExecutor.java:439)
	at com.kms.katalon.core.main.TestCaseExecutor.processExecutionPhase(TestCaseExecutor.java:418)
	at com.kms.katalon.core.main.TestCaseExecutor.accessMainPhase(TestCaseExecutor.java:410)
	at com.kms.katalon.core.main.TestCaseExecutor.execute(TestCaseExecutor.java:285)
	at com.kms.katalon.core.common.CommonExecutor.accessTestCaseMainPhase(CommonExecutor.java:71)
	at com.kms.katalon.core.main.TestSuiteExecutor.accessTestSuiteMainPhase(TestSuiteExecutor.java:160)
	at com.kms.katalon.core.main.TestSuiteExecutor.execute(TestSuiteExecutor.java:107)
	at com.kms.katalon.core.main.TestCaseMain.startTestSuite(TestCaseMain.java:180)
	at TempTestSuite1740243953121.run(TempTestSuite1740243953121.groovy:35)
	at java.base/jdk.internal.reflect.NativeMethodAccessorImpl.invoke0(Native Method)
	at java.base/jdk.internal.reflect.NativeMethodAccessorImpl.invoke(NativeMethodAccessorImpl.java:77)
	at java.base/jdk.internal.reflect.DelegatingMethodAccessorImpl.invoke(DelegatingMethodAccessorImpl.java:43)
)
	at com.kms.katalon.core.keyword.internal.KeywordMain.stepFailed(KeywordMain.groovy:39)
	at com.kms.katalon.core.keyword.internal.KeywordMain.stepFailed(KeywordMain.groovy)
	at com.kms.katalon.core.keyword.internal.KeywordMain.runKeyword(KeywordMain.groovy:77)
	at com.kms.katalon.core.keyword.builtin.VerifyCheckpointKeyword.verifyCheckpoint(VerifyCheckpointKeyword.groovy:125)
	at com.kms.katalon.core.keyword.builtin.VerifyCheckpointKeyword.execute(VerifyCheckpointKeyword.groovy:51)
	at com.kms.katalon.core.keyword.internal.KeywordExecutor.executeKeywordForPlatform(KeywordExecutor.groovy:74)
	at com.kms.katalon.core.keyword.BuiltinKeywords.verifyCheckpoint(BuiltinKeywords.groovy:380)
	at java.base/jdk.internal.reflect.NativeMethodAccessorImpl.invoke0(Native Method)
	at java.base/jdk.internal.reflect.NativeMethodAccessorImpl.invoke(NativeMethodAccessorImpl.java:77)
	at java.base/jdk.internal.reflect.DelegatingMethodAccessorImpl.invoke(DelegatingMethodAccessorImpl.java:43)
	at CheckpointswithDDT.run(CheckpointswithDDT:20)
	at com.kms.katalon.core.main.ScriptEngine.run(ScriptEngine.java:194)
	at com.kms.katalon.core.main.ScriptEngine.runScriptAsRawText(ScriptEngine.java:119)
	at com.kms.katalon.core.main.TestCaseExecutor.runScript(TestCaseExecutor.java:448)
	at com.kms.katalon.core.main.TestCaseExecutor.doExecute(TestCaseExecutor.java:439)
	at com.kms.katalon.core.main.TestCaseExecutor.processExecutionPhase(TestCaseExecutor.java:418)
	at com.kms.katalon.core.main.TestCaseExecutor.accessMainPhase(TestCaseExecutor.java:410)
	at com.kms.katalon.core.main.TestCaseExecutor.execute(TestCaseExecutor.java:285)
	at com.kms.katalon.core.common.CommonExecutor.accessTestCaseMainPhase(CommonExecutor.java:71)
	at com.kms.katalon.core.main.TestSuiteExecutor.accessTestSuiteMainPhase(TestSuiteExecutor.java:160)
	at com.kms.katalon.core.main.TestSuiteExecutor.execute(TestSuiteExecutor.java:107)
	at com.kms.katalon.core.main.TestCaseMain.startTestSuite(TestCaseMain.java:180)
	at TempTestSuite1740243953121.run(TempTestSuite1740243953121.groovy:35)
	at java.base/jdk.internal.reflect.NativeMethodAccessorImpl.invoke0(Native Method)
	at java.base/jdk.internal.reflect.NativeMethodAccessorImpl.invoke(NativeMethodAccessorImpl.java:77)
	at java.base/jdk.internal.reflect.DelegatingMethodAccessorImpl.invoke(DelegatingMethodAccessorImpl.java:43)
Caused by: com.kms.katalon.core.exception.StepFailedException: Checkpoint data and Source data are NOT matched
	at com.kms.katalon.core.keyword.builtin.VerifyCheckpointKeyword$_verifyCheckpoint_closure1.doCall(VerifyCheckpointKeyword.groovy:123)
	at com.kms.katalon.core.keyword.builtin.VerifyCheckpointKeyword$_verifyCheckpoint_closure1.call(VerifyCheckpointKeyword.groovy)
	at com.kms.katalon.core.keyword.internal.KeywordMain.runKeyword(KeywordMain.groovy:75)
	... 23 more]]></system-out>
      <system-err><![CDATA[22-02-2025T22:36:00 - [TEST_SUITE][FAILED] - DDT with Moodle: Test Cases/CheckpointswithDDT FAILED.
Reason:
com.kms.katalon.core.exception.StepFailedException: Unable to verify Checkpoint 'Checkpoints/CheckpointforMoodle' (Root cause: com.kms.katalon.core.exception.StepFailedException: Checkpoint data and Source data are NOT matched
	at com.kms.katalon.core.keyword.builtin.VerifyCheckpointKeyword$_verifyCheckpoint_closure1.doCall(VerifyCheckpointKeyword.groovy:123)
	at com.kms.katalon.core.keyword.builtin.VerifyCheckpointKeyword$_verifyCheckpoint_closure1.call(VerifyCheckpointKeyword.groovy)
	at com.kms.katalon.core.keyword.internal.KeywordMain.runKeyword(KeywordMain.groovy:75)
	at com.kms.katalon.core.keyword.builtin.VerifyCheckpointKeyword.verifyCheckpoint(VerifyCheckpointKeyword.groovy:125)
	at com.kms.katalon.core.keyword.builtin.VerifyCheckpointKeyword.execute(VerifyCheckpointKeyword.groovy:51)
	at com.kms.katalon.core.keyword.internal.KeywordExecutor.executeKeywordForPlatform(KeywordExecutor.groovy:74)
	at com.kms.katalon.core.keyword.BuiltinKeywords.verifyCheckpoint(BuiltinKeywords.groovy:380)
	at java.base/jdk.internal.reflect.NativeMethodAccessorImpl.invoke0(Native Method)
	at java.base/jdk.internal.reflect.NativeMethodAccessorImpl.invoke(NativeMethodAccessorImpl.java:77)
	at java.base/jdk.internal.reflect.DelegatingMethodAccessorImpl.invoke(DelegatingMethodAccessorImpl.java:43)
	at CheckpointswithDDT.run(CheckpointswithDDT:20)
	at com.kms.katalon.core.main.ScriptEngine.run(ScriptEngine.java:194)
	at com.kms.katalon.core.main.ScriptEngine.runScriptAsRawText(ScriptEngine.java:119)
	at com.kms.katalon.core.main.TestCaseExecutor.runScript(TestCaseExecutor.java:448)
	at com.kms.katalon.core.main.TestCaseExecutor.doExecute(TestCaseExecutor.java:439)
	at com.kms.katalon.core.main.TestCaseExecutor.processExecutionPhase(TestCaseExecutor.java:418)
	at com.kms.katalon.core.main.TestCaseExecutor.accessMainPhase(TestCaseExecutor.java:410)
	at com.kms.katalon.core.main.TestCaseExecutor.execute(TestCaseExecutor.java:285)
	at com.kms.katalon.core.common.CommonExecutor.accessTestCaseMainPhase(CommonExecutor.java:71)
	at com.kms.katalon.core.main.TestSuiteExecutor.accessTestSuiteMainPhase(TestSuiteExecutor.java:160)
	at com.kms.katalon.core.main.TestSuiteExecutor.execute(TestSuiteExecutor.java:107)
	at com.kms.katalon.core.main.TestCaseMain.startTestSuite(TestCaseMain.java:180)
	at TempTestSuite1740243953121.run(TempTestSuite1740243953121.groovy:35)
	at java.base/jdk.internal.reflect.NativeMethodAccessorImpl.invoke0(Native Method)
	at java.base/jdk.internal.reflect.NativeMethodAccessorImpl.invoke(NativeMethodAccessorImpl.java:77)
	at java.base/jdk.internal.reflect.DelegatingMethodAccessorImpl.invoke(DelegatingMethodAccessorImpl.java:43)
)
	at com.kms.katalon.core.keyword.internal.KeywordMain.stepFailed(KeywordMain.groovy:39)
	at com.kms.katalon.core.keyword.internal.KeywordMain.stepFailed(KeywordMain.groovy)
	at com.kms.katalon.core.keyword.internal.KeywordMain.runKeyword(KeywordMain.groovy:77)
	at com.kms.katalon.core.keyword.builtin.VerifyCheckpointKeyword.verifyCheckpoint(VerifyCheckpointKeyword.groovy:125)
	at com.kms.katalon.core.keyword.builtin.VerifyCheckpointKeyword.execute(VerifyCheckpointKeyword.groovy:51)
	at com.kms.katalon.core.keyword.internal.KeywordExecutor.executeKeywordForPlatform(KeywordExecutor.groovy:74)
	at com.kms.katalon.core.keyword.BuiltinKeywords.verifyCheckpoint(BuiltinKeywords.groovy:380)
	at java.base/jdk.internal.reflect.NativeMethodAccessorImpl.invoke0(Native Method)
	at java.base/jdk.internal.reflect.NativeMethodAccessorImpl.invoke(NativeMethodAccessorImpl.java:77)
	at java.base/jdk.internal.reflect.DelegatingMethodAccessorImpl.invoke(DelegatingMethodAccessorImpl.java:43)
	at CheckpointswithDDT.run(CheckpointswithDDT:20)
	at com.kms.katalon.core.main.ScriptEngine.run(ScriptEngine.java:194)
	at com.kms.katalon.core.main.ScriptEngine.runScriptAsRawText(ScriptEngine.java:119)
	at com.kms.katalon.core.main.TestCaseExecutor.runScript(TestCaseExecutor.java:448)
	at com.kms.katalon.core.main.TestCaseExecutor.doExecute(TestCaseExecutor.java:439)
	at com.kms.katalon.core.main.TestCaseExecutor.processExecutionPhase(TestCaseExecutor.java:418)
	at com.kms.katalon.core.main.TestCaseExecutor.accessMainPhase(TestCaseExecutor.java:410)
	at com.kms.katalon.core.main.TestCaseExecutor.execute(TestCaseExecutor.java:285)
	at com.kms.katalon.core.common.CommonExecutor.accessTestCaseMainPhase(CommonExecutor.java:71)
	at com.kms.katalon.core.main.TestSuiteExecutor.accessTestSuiteMainPhase(TestSuiteExecutor.java:160)
	at com.kms.katalon.core.main.TestSuiteExecutor.execute(TestSuiteExecutor.java:107)
	at com.kms.katalon.core.main.TestCaseMain.startTestSuite(TestCaseMain.java:180)
	at TempTestSuite1740243953121.run(TempTestSuite1740243953121.groovy:35)
	at java.base/jdk.internal.reflect.NativeMethodAccessorImpl.invoke0(Native Method)
	at java.base/jdk.internal.reflect.NativeMethodAccessorImpl.invoke(NativeMethodAccessorImpl.java:77)
	at java.base/jdk.internal.reflect.DelegatingMethodAccessorImpl.invoke(DelegatingMethodAccessorImpl.java:43)
Caused by: com.kms.katalon.core.exception.StepFailedException: Checkpoint data and Source data are NOT matched
	at com.kms.katalon.core.keyword.builtin.VerifyCheckpointKeyword$_verifyCheckpoint_closure1.doCall(VerifyCheckpointKeyword.groovy:123)
	at com.kms.katalon.core.keyword.builtin.VerifyCheckpointKeyword$_verifyCheckpoint_closure1.call(VerifyCheckpointKeyword.groovy)
	at com.kms.katalon.core.keyword.internal.KeywordMain.runKeyword(KeywordMain.groovy:75)
	... 23 more]]></system-err>
   </testsuite>
</testsuites>
